#
# A fatal error has been detected by the Java Runtime Environment:
#
#  EXCEPTION_ILLEGAL_INSTRUCTION (0xc000001d) at pc=0x0000020ef383488e, pid=9624, tid=13188
#
# JRE version: Java(TM) SE Runtime Environment (11.0.2+9) (build 11.0.2+9-LTS)
# Java VM: Java HotSpot(TM) 64-Bit Server VM (11.0.2+9-LTS, mixed mode, tiered, compressed oops, g1 gc, windows-amd64)
# Problematic frame:
# J 8763% c2 cl.j(II)V (1294 bytes) @ 0x0000020ef383488e [0x0000020ef38340c0+0x00000000000007ce]
#
# No core dump will be written. Minidumps are not enabled by default on client versions of Windows
#
# If you would like to submit a bug report, please visit:
#   http://bugreport.java.com/bugreport/crash.jsp
#

---------------  S U M M A R Y ------------

Command Line: -ea -javaagent:C:\Program Files\JetBrains\IntelliJ IDEA Community Edition 2018.3.5\lib\idea_rt.jar=58355:C:\Program Files\JetBrains\IntelliJ IDEA Community Edition 2018.3.5\bin -Dfile.encoding=UTF-8 com.example.ExamplePluginTest

Host: AMD Ryzen 5 1600 Six-Core Processor            , 12 cores, 15G,  Windows 10 , 64 bit Build 19041 (10.0.19041.1202)
Time: Tue Oct 19 14:21:08 2021 GMT Summer Time elapsed time: 9 seconds (0d 0h 0m 9s)

---------------  T H R E A D  ---------------

Current thread (0x0000020e88aed800):  JavaThread "Client" daemon [_thread_in_Java, id=13188, stack(0x000000fd39b00000,0x000000fd39c00000)]

Stack: [0x000000fd39b00000,0x000000fd39c00000],  sp=0x000000fd39bfe950,  free space=1018k
Native frames: (J=compiled Java code, j=interpreted, Vv=VM code, C=native code)
C  0x0000020ef383488e


siginfo: EXCEPTION_ILLEGAL_INSTRUCTION (0xc000001d)


Register to memory mapping:

RIP=0x0000020ef383488e is at entry_point+1998 in (nmethod*)0x0000020ef3833f10
RAX=0x0000000000000101 is an unknown value
RBX=0x0 is NULL
RCX=0x0000000000000001 is an unknown value
RDX=0x0000000000008000 is an unknown value
RSP=0x000000fd39bfe950 is pointing into the stack for thread: 0x0000020e88aed800
RBP=0x0000000000000081 is an unknown value
RSI=3776610306 is a compressed pointer to object: [I 
{0x0000000708d40010} - klass: {type array int}
 - length: 32768
RDI=0x00000000000000fe is an unknown value
R8 =0x0000000000000080 is an unknown value
R9 =0x0000000708d6e500 is an oop: [I 
{0x0000000708d6e500} - klass: {type array int}
 - length: 32768
R10=0xffffffffffffff81 is an unknown value
R11=0x0000000000000081 is an unknown value
R12=0x0 is NULL
R13=0x0 is NULL
R14=0x0000000000000001 is an unknown value
R15=0x0000020e88aed800 is a thread


Registers:
RAX=0x0000000000000101, RBX=0x0000000000000000, RCX=0x0000000000000001, RDX=0x0000000000008000
RSP=0x000000fd39bfe950, RBP=0x0000000000000081, RSI=0x00000000e11a8002, RDI=0x00000000000000fe
R8 =0x0000000000000080, R9 =0x0000000708d6e500, R10=0xffffffffffffff81, R11=0x0000000000000081
R12=0x0000000000000000, R13=0x0000000000000000, R14=0x0000000000000001, R15=0x0000020e88aed800
RIP=0x0000020ef383488e, EFLAGS=0x0000000000010286

Top of Stack: (sp=0x000000fd39bfe950)
0x000000fd39bfe950:   0000020eeb849e67 0000000000000000
0x000000fd39bfe960:   0000000000000180 0000000000000000
0x000000fd39bfe970:   0000008000008000 0000000000008000
0x000000fd39bfe980:   0000000000000001 0000000000000001
0x000000fd39bfe990:   00000000ffffff81 0000000000000076
0x000000fd39bfe9a0:   000000000000000a 0000000000007f80
0x000000fd39bfe9b0:   000000fd39bfea20 0000020eeb849e67
0x000000fd39bfe9c0:   0000000009ae76ee 0000000000000001
0x000000fd39bfe9d0:   000000070a651740 000000fd39bfe9d8
0x000000fd39bfe9e0:   0000020e9592337d 000000fd39bfea78
0x000000fd39bfe9f0:   0000020e98890b90 0000000000000000
0x000000fd39bfea00:   0000000702d1d820 0000020e95923428
0x000000fd39bfea10:   000000fd39bfe9c0 000000fd39bfea60
0x000000fd39bfea20:   000000fd39bfeac8 0000020eeb849e67
0x000000fd39bfea30:   0000000000000001 000000007ba570c1
0x000000fd39bfea40:   000000000000005d 00000000ffffffea 

Instructions: (pc=0x0000020ef383488e)
0x0000020ef383486e:   5c 24 24 44 89 74 24 34 89 4c 24 38 44 89 6c 24
0x0000020ef383487e:   3c c5 fa 11 54 24 40 66 90 e8 74 48 03 f8 0f 0b
0x0000020ef383488e:   0f 0b 0f 0b 89 44 24 20 8b eb e9 ad fe ff ff ba
0x0000020ef383489e:   7e ff ff ff 4c 89 5c 24 20 48 89 44 24 f8 8b 44 


Stack slot to memory mapping:
stack at sp + 0 slots: 0x0000020eeb849e67 is at code_begin+2343 in an Interpreter codelet
invoke return entry points  [0x0000020eeb849540, 0x0000020eeb849f40]  2560 bytes
stack at sp + 1 slots: 0x0 is NULL
stack at sp + 2 slots: 0x0000000000000180 is an unknown value
stack at sp + 3 slots: 0x0 is NULL
stack at sp + 4 slots: 0x0000008000008000 is an unknown value
stack at sp + 5 slots: 0x0000000000008000 is an unknown value
stack at sp + 6 slots: 0x0000000000000001 is an unknown value
stack at sp + 7 slots: 0x0000000000000001 is an unknown value



---------------  P R O C E S S  ---------------

Threads class SMR info:
_java_thread_list=0x0000020e979aa750, length=45, elements={
0x0000020effc10000, 0x0000020effc14000, 0x0000020eff34b000, 0x0000020eff34d000,
0x0000020eff34e800, 0x0000020effc6f800, 0x0000020effc1c000, 0x0000020effdca000,
0x0000020e88266000, 0x0000020e8821e800, 0x0000020e88772800, 0x0000020e88ce3000,
0x0000020e88ce4000, 0x0000020e88cee800, 0x0000020e89684000, 0x0000020e89354800,
0x0000020e9271b800, 0x0000020e926fb000, 0x0000020e895b7000, 0x0000020e895b1000,
0x0000020e895b7800, 0x0000020e895b4800, 0x0000020e895b3800, 0x0000020e895b3000,
0x0000020e895b2000, 0x0000020e895b5000, 0x0000020e88aed800, 0x0000020e88af4000,
0x0000020e88aef000, 0x0000020e88af2800, 0x0000020e88aee800, 0x0000020e88af5000,
0x0000020e88af6000, 0x0000020e88af0000, 0x0000020e88af6800, 0x0000020e88af1000,
0x0000020e88af7800, 0x0000020e88af8000, 0x0000020e88afc800, 0x0000020e88af9000,
0x0000020e88afa000, 0x0000020e88afa800, 0x0000020e88afb800, 0x0000020e9529e800,
0x0000020e952a2000
}

Java Threads: ( => current thread )
  0x0000020effc10000 JavaThread "Reference Handler" daemon [_thread_blocked, id=4608, stack(0x000000fd37000000,0x000000fd37100000)]
  0x0000020effc14000 JavaThread "Finalizer" daemon [_thread_blocked, id=16360, stack(0x000000fd37100000,0x000000fd37200000)]
  0x0000020eff34b000 JavaThread "Signal Dispatcher" daemon [_thread_blocked, id=6436, stack(0x000000fd37200000,0x000000fd37300000)]
  0x0000020eff34d000 JavaThread "Attach Listener" daemon [_thread_blocked, id=6452, stack(0x000000fd37300000,0x000000fd37400000)]
  0x0000020eff34e800 JavaThread "C2 CompilerThread0" daemon [_thread_blocked, id=4824, stack(0x000000fd37400000,0x000000fd37500000)]
  0x0000020effc6f800 JavaThread "C1 CompilerThread0" daemon [_thread_blocked, id=10112, stack(0x000000fd37500000,0x000000fd37600000)]
  0x0000020effc1c000 JavaThread "Sweeper thread" daemon [_thread_blocked, id=7336, stack(0x000000fd37600000,0x000000fd37700000)]
  0x0000020effdca000 JavaThread "Common-Cleaner" daemon [_thread_blocked, id=1440, stack(0x000000fd37700000,0x000000fd37800000)]
  0x0000020e88266000 JavaThread "Monitor Ctrl-Break" daemon [_thread_in_native, id=3592, stack(0x000000fd37800000,0x000000fd37900000)]
  0x0000020e8821e800 JavaThread "Service Thread" daemon [_thread_blocked, id=13316, stack(0x000000fd37900000,0x000000fd37a00000)]
  0x0000020e88772800 JavaThread "Java2D Disposer" daemon [_thread_blocked, id=6740, stack(0x000000fd37b00000,0x000000fd37c00000)]
  0x0000020e88ce3000 JavaThread "AWT-Shutdown" [_thread_blocked, id=13088, stack(0x000000fd37c00000,0x000000fd37d00000)]
  0x0000020e88ce4000 JavaThread "AWT-Windows" daemon [_thread_in_native, id=7780, stack(0x000000fd38400000,0x000000fd38500000)]
  0x0000020e88cee800 JavaThread "AWT-EventQueue-0" [_thread_blocked, id=448, stack(0x000000fd38500000,0x000000fd38600000)]
  0x0000020e89684000 JavaThread "TimerQueue" daemon [_thread_blocked, id=12412, stack(0x000000fd38600000,0x000000fd38700000)]
  0x0000020e89354800 JavaThread "D3D Screen Updater" daemon [_thread_blocked, id=6520, stack(0x000000fd38c00000,0x000000fd38d00000)]
  0x0000020e9271b800 JavaThread "OkHttp ConnectionPool" daemon [_thread_blocked, id=9964, stack(0x000000fd38f00000,0x000000fd39000000)]
  0x0000020e926fb000 JavaThread "Okio Watchdog" daemon [_thread_blocked, id=10676, stack(0x000000fd39000000,0x000000fd39100000)]
  0x0000020e895b7000 JavaThread "pool-3-thread-1" [_thread_blocked, id=8504, stack(0x000000fd39400000,0x000000fd39500000)]
  0x0000020e895b1000 JavaThread "pool-2-thread-1" [_thread_blocked, id=1952, stack(0x000000fd39500000,0x000000fd39600000)]
  0x0000020e895b7800 JavaThread "OkHttp repo.runelite.net Writer" [_thread_blocked, id=9356, stack(0x000000fd39700000,0x000000fd39800000)]
  0x0000020e895b4800 JavaThread "OkHttp repo.runelite.net" [_thread_in_native, id=13168, stack(0x000000fd39800000,0x000000fd39900000)]
  0x0000020e895b3800 JavaThread "OkHttp Http2Connection" daemon [_thread_blocked, id=1812, stack(0x000000fd39900000,0x000000fd39a00000)]
  0x0000020e895b3000 JavaThread "C2 CompilerThread1" daemon [_thread_blocked, id=13260, stack(0x000000fd38e00000,0x000000fd38f00000)]
  0x0000020e895b2000 JavaThread "Image Fetcher 0" daemon [_thread_blocked, id=13904, stack(0x000000fd39100000,0x000000fd39200000)]
  0x0000020e895b5000 JavaThread "Thread-1" daemon [_thread_blocked, id=12076, stack(0x000000fd39a00000,0x000000fd39b00000)]
=>0x0000020e88aed800 JavaThread "Client" daemon [_thread_in_Java, id=13188, stack(0x000000fd39b00000,0x000000fd39c00000)]
  0x0000020e88af4000 JavaThread "Thread-3" daemon [_thread_blocked, id=1492, stack(0x000000fd39c00000,0x000000fd39d00000)]
  0x0000020e88aef000 JavaThread "Substance heap status" daemon [_thread_blocked, id=14608, stack(0x000000fd39d00000,0x000000fd39e00000)]
  0x0000020e88af2800 JavaThread "Thread-5" daemon [_thread_in_native, id=1836, stack(0x000000fd3a000000,0x000000fd3a100000)]
  0x0000020e88aee800 JavaThread "Thread-6" daemon [_thread_blocked, id=7916, stack(0x000000fd3a100000,0x000000fd3a200000)]
  0x0000020e88af5000 JavaThread "Thread-7" daemon [_thread_blocked, id=14584, stack(0x000000fd3a200000,0x000000fd3a300000)]
  0x0000020e88af6000 JavaThread "pool-4-thread-1" [_thread_in_native, id=8404, stack(0x000000fd3a300000,0x000000fd3a400000)]
  0x0000020e88af0000 JavaThread "Trident callback thread" daemon [_thread_blocked, id=11320, stack(0x000000fd3a600000,0x000000fd3a700000)]
  0x0000020e88af6800 JavaThread "Trident pulse source thread" daemon [_thread_blocked, id=5096, stack(0x000000fd3a700000,0x000000fd3a800000)]
  0x0000020e88af1000 JavaThread "Java Sound Event Dispatcher" daemon [_thread_blocked, id=636, stack(0x000000fd3b000000,0x000000fd3b100000)]
  0x0000020e88af7800 JavaThread "pool-5-thread-1" [_thread_blocked, id=15320, stack(0x000000fd3b300000,0x000000fd3b400000)]
  0x0000020e88af8000 JavaThread "Thread-10" daemon [_thread_blocked, id=9548, stack(0x000000fd3b600000,0x000000fd3b700000)]
  0x0000020e88afc800 JavaThread "OkHttp Dispatcher" [_thread_blocked, id=1320, stack(0x000000fd3b700000,0x000000fd3b800000)]
  0x0000020e88af9000 JavaThread "OkHttp Dispatcher" [_thread_blocked, id=14688, stack(0x000000fd3b800000,0x000000fd3b900000)]
  0x0000020e88afa000 JavaThread "OkHttp Dispatcher" [_thread_blocked, id=15592, stack(0x000000fd3b900000,0x000000fd3ba00000)]
  0x0000020e88afa800 JavaThread "OkHttp Dispatcher" [_thread_blocked, id=10352, stack(0x000000fd3ba00000,0x000000fd3bb00000)]
  0x0000020e88afb800 JavaThread "OkHttp Dispatcher" [_thread_blocked, id=7612, stack(0x000000fd3bb00000,0x000000fd3bc00000)]
  0x0000020e9529e800 JavaThread "OkHttp Dispatcher" [_thread_blocked, id=3492, stack(0x000000fd3bc00000,0x000000fd3bd00000)]
  0x0000020e952a2000 JavaThread "DestroyJavaVM" [_thread_blocked, id=10068, stack(0x000000fd36900000,0x000000fd36a00000)]

Other Threads:
  0x0000020effbd6000 VMThread "VM Thread" [stack: 0x000000fd36f00000,0x000000fd37000000] [id=10512]
  0x0000020e8821f000 WatcherThread [stack: 0x000000fd37a00000,0x000000fd37b00000] [id=15948]
  0x0000020ee3529000 GCTaskThread "GC Thread#0" [stack: 0x000000fd36a00000,0x000000fd36b00000] [id=7152]
  0x0000020e88960000 GCTaskThread "GC Thread#1" [stack: 0x000000fd37d00000,0x000000fd37e00000] [id=6168]
  0x0000020e88b5e800 GCTaskThread "GC Thread#2" [stack: 0x000000fd37e00000,0x000000fd37f00000] [id=5292]
  0x0000020e887d1000 GCTaskThread "GC Thread#3" [stack: 0x000000fd37f00000,0x000000fd38000000] [id=15584]
  0x0000020e887d1800 GCTaskThread "GC Thread#4" [stack: 0x000000fd38000000,0x000000fd38100000] [id=13400]
  0x0000020e882de000 GCTaskThread "GC Thread#5" [stack: 0x000000fd38100000,0x000000fd38200000] [id=12056]
  0x0000020e928ff800 GCTaskThread "GC Thread#6" [stack: 0x000000fd39200000,0x000000fd39300000] [id=13160]
  0x0000020e9339f000 GCTaskThread "GC Thread#7" [stack: 0x000000fd39300000,0x000000fd39400000] [id=6904]
  0x0000020e94bf8800 GCTaskThread "GC Thread#8" [stack: 0x000000fd38b00000,0x000000fd38c00000] [id=11572]
  0x0000020e96b40800 GCTaskThread "GC Thread#9" [stack: 0x000000fd39600000,0x000000fd39700000] [id=11804]
  0x0000020ee3588000 ConcurrentGCThread "G1 Main Marker" [stack: 0x000000fd36b00000,0x000000fd36c00000] [id=5400]
  0x0000020ee3589800 ConcurrentGCThread "G1 Conc#0" [stack: 0x000000fd36c00000,0x000000fd36d00000] [id=12084]
  0x0000020e8930f000 ConcurrentGCThread "G1 Conc#1" [stack: 0x000000fd38700000,0x000000fd38800000] [id=15816]
  0x0000020e89013800 ConcurrentGCThread "G1 Conc#2" [stack: 0x000000fd38800000,0x000000fd38900000] [id=4816]
  0x0000020eff232000 ConcurrentGCThread "G1 Refine#0" [stack: 0x000000fd36d00000,0x000000fd36e00000] [id=12484]
  0x0000020e880a2800 ConcurrentGCThread "G1 Refine#1" [stack: 0x000000fd38200000,0x000000fd38300000] [id=8188]
  0x0000020e8895f000 ConcurrentGCThread "G1 Refine#2" [stack: 0x000000fd38300000,0x000000fd38400000] [id=6300]
  0x0000020e9662a800 ConcurrentGCThread "G1 Refine#3" [stack: 0x000000fd3a800000,0x000000fd3a900000] [id=9464]
  0x0000020e94c3c800 ConcurrentGCThread "G1 Refine#4" [stack: 0x000000fd3a900000,0x000000fd3aa00000] [id=7608]
  0x0000020e8913a800 ConcurrentGCThread "G1 Refine#5" [stack: 0x000000fd3aa00000,0x000000fd3ab00000] [id=15580]
  0x0000020e973da800 ConcurrentGCThread "G1 Refine#6" [stack: 0x000000fd3ab00000,0x000000fd3ac00000] [id=13568]
  0x0000020e95421800 ConcurrentGCThread "G1 Refine#7" [stack: 0x000000fd3ac00000,0x000000fd3ad00000] [id=8560]
  0x0000020e973a9000 ConcurrentGCThread "G1 Refine#8" [stack: 0x000000fd3ad00000,0x000000fd3ae00000] [id=6600]
  0x0000020eff233000 ConcurrentGCThread "G1 Young RemSet Sampling" [stack: 0x000000fd36e00000,0x000000fd36f00000] [id=9588]

Threads with active compile tasks:

VM state:not at safepoint (normal execution)

VM Mutex/Monitor currently owned by a thread: None

Heap address: 0x0000000701000000, size: 4080 MB, Compressed Oops mode: Zero based, Oop shift amount: 3
Narrow klass base: 0x0000000800000000, Narrow klass shift: 0
Compressed class space size: 1073741824 Address: 0x0000000800000000

Heap:
 garbage-first heap   total 315392K, used 138964K [0x0000000701000000, 0x0000000800000000)
  region size 1024K, 73 young (74752K), 16 survivors (16384K)
 Metaspace       used 77844K, capacity 80754K, committed 80924K, reserved 1120256K
  class space    used 8759K, capacity 9893K, committed 9932K, reserved 1048576K
Heap Regions: E=young(eden), S=young(survivor), O=old, HS=humongous(starts), HC=humongous(continues), CS=collection set, F=free, A=archive, TAMS=top-at-mark-start (previous, next)
|   0|0x0000000701000000, 0x0000000701100000, 0x0000000701100000|100%| O|  |TAMS 0x0000000701100000, 0x0000000701000000| Untracked 
|   1|0x0000000701100000, 0x0000000701200000, 0x0000000701200000|100%| O|  |TAMS 0x0000000701200000, 0x0000000701100000| Untracked 
|   2|0x0000000701200000, 0x0000000701300000, 0x0000000701300000|100%| O|  |TAMS 0x0000000701300000, 0x0000000701200000| Untracked 
|   3|0x0000000701300000, 0x0000000701400000, 0x0000000701400000|100%| O|  |TAMS 0x0000000701400000, 0x0000000701300000| Untracked 
|   4|0x0000000701400000, 0x0000000701500000, 0x0000000701500000|100%| O|  |TAMS 0x0000000701500000, 0x0000000701400000| Untracked 
|   5|0x0000000701500000, 0x0000000701600000, 0x0000000701600000|100%| O|  |TAMS 0x0000000701600000, 0x0000000701500000| Untracked 
|   6|0x0000000701600000, 0x0000000701700000, 0x0000000701700000|100%| O|  |TAMS 0x00000007016ebc00, 0x0000000701600000| Untracked 
|   7|0x0000000701700000, 0x0000000701800000, 0x0000000701800000|100%|HS|  |TAMS 0x0000000701700000, 0x0000000701700000| Complete 
|   8|0x0000000701800000, 0x0000000701900000, 0x0000000701900000|100%|HS|  |TAMS 0x0000000701800000, 0x0000000701800000| Complete 
|   9|0x0000000701900000, 0x0000000701a00000, 0x0000000701a00000|100%|HS|  |TAMS 0x0000000701900000, 0x0000000701900000| Complete 
|  10|0x0000000701a00000, 0x0000000701b00000, 0x0000000701b00000|100%| O|  |TAMS 0x0000000701b00000, 0x0000000701a00000| Untracked 
|  11|0x0000000701b00000, 0x0000000701c00000, 0x0000000701c00000|100%| O|  |TAMS 0x0000000701c00000, 0x0000000701b00000| Untracked 
|  12|0x0000000701c00000, 0x0000000701d00000, 0x0000000701d00000|100%| O|  |TAMS 0x0000000701d00000, 0x0000000701c00000| Untracked 
|  13|0x0000000701d00000, 0x0000000701e00000, 0x0000000701e00000|100%|HS|  |TAMS 0x0000000701d00000, 0x0000000701d00000| Complete 
|  14|0x0000000701e00000, 0x0000000701f00000, 0x0000000701f00000|100%|HC|  |TAMS 0x0000000701e00000, 0x0000000701e00000| Complete 
|  15|0x0000000701f00000, 0x0000000702000000, 0x0000000702000000|100%|HS|  |TAMS 0x0000000701f00000, 0x0000000701f00000| Complete 
|  16|0x0000000702000000, 0x0000000702100000, 0x0000000702100000|100%|HC|  |TAMS 0x0000000702000000, 0x0000000702000000| Complete 
|  17|0x0000000702100000, 0x0000000702200000, 0x0000000702200000|100%|HS|  |TAMS 0x0000000702100000, 0x0000000702100000| Complete 
|  18|0x0000000702200000, 0x0000000702300000, 0x0000000702300000|100%| O|  |TAMS 0x0000000702200000, 0x0000000702200000| Untracked 
|  19|0x0000000702300000, 0x0000000702400000, 0x0000000702400000|100%| O|  |TAMS 0x0000000702300000, 0x0000000702300000| Untracked 
|  20|0x0000000702400000, 0x0000000702500000, 0x0000000702500000|100%| O|  |TAMS 0x0000000702400000, 0x0000000702400000| Untracked 
|  21|0x0000000702500000, 0x0000000702600000, 0x0000000702600000|100%| O|  |TAMS 0x0000000702500000, 0x0000000702500000| Untracked 
|  22|0x0000000702600000, 0x0000000702700000, 0x0000000702700000|100%| O|  |TAMS 0x0000000702600000, 0x0000000702600000| Untracked 
|  23|0x0000000702700000, 0x0000000702800000, 0x0000000702800000|100%| O|  |TAMS 0x0000000702700000, 0x0000000702700000| Untracked 
|  24|0x0000000702800000, 0x0000000702900000, 0x0000000702900000|100%| O|  |TAMS 0x0000000702800000, 0x0000000702800000| Untracked 
|  25|0x0000000702900000, 0x0000000702a00000, 0x0000000702a00000|100%| O|  |TAMS 0x0000000702900000, 0x0000000702900000| Untracked 
|  26|0x0000000702a00000, 0x0000000702b00000, 0x0000000702b00000|100%| O|  |TAMS 0x0000000702a00000, 0x0000000702a00000| Untracked 
|  27|0x0000000702b00000, 0x0000000702c00000, 0x0000000702c00000|100%| O|  |TAMS 0x0000000702b00000, 0x0000000702b00000| Untracked 
|  28|0x0000000702c00000, 0x0000000702d00000, 0x0000000702d00000|100%| O|  |TAMS 0x0000000702c00000, 0x0000000702c00000| Untracked 
|  29|0x0000000702d00000, 0x0000000702e00000, 0x0000000702e00000|100%| O|  |TAMS 0x0000000702d00000, 0x0000000702d00000| Untracked 
|  30|0x0000000702e00000, 0x0000000702f00000, 0x0000000702f00000|100%| O|  |TAMS 0x0000000702e00000, 0x0000000702e00000| Untracked 
|  31|0x0000000702f00000, 0x0000000703000000, 0x0000000703000000|100%| O|  |TAMS 0x0000000702f00000, 0x0000000702f00000| Untracked 
|  32|0x0000000703000000, 0x0000000703100000, 0x0000000703100000|100%| O|  |TAMS 0x0000000703000000, 0x0000000703000000| Untracked 
|  33|0x0000000703100000, 0x0000000703200000, 0x0000000703200000|100%| O|  |TAMS 0x0000000703100000, 0x0000000703100000| Untracked 
|  34|0x0000000703200000, 0x0000000703300000, 0x0000000703300000|100%| O|  |TAMS 0x0000000703200000, 0x0000000703200000| Untracked 
|  35|0x0000000703300000, 0x0000000703400000, 0x0000000703400000|100%| O|  |TAMS 0x0000000703300000, 0x0000000703300000| Untracked 
|  36|0x0000000703400000, 0x0000000703500000, 0x0000000703500000|100%| O|  |TAMS 0x0000000703400000, 0x0000000703400000| Untracked 
|  37|0x0000000703500000, 0x0000000703600000, 0x0000000703600000|100%| O|  |TAMS 0x0000000703500000, 0x0000000703500000| Untracked 
|  38|0x0000000703600000, 0x0000000703700000, 0x0000000703700000|100%| O|  |TAMS 0x0000000703600000, 0x0000000703600000| Untracked 
|  39|0x0000000703700000, 0x0000000703800000, 0x0000000703800000|100%| O|  |TAMS 0x0000000703700000, 0x0000000703700000| Untracked 
|  40|0x0000000703800000, 0x0000000703900000, 0x0000000703900000|100%| O|  |TAMS 0x0000000703800000, 0x0000000703800000| Untracked 
|  41|0x0000000703900000, 0x0000000703a00000, 0x0000000703a00000|100%| O|  |TAMS 0x0000000703900000, 0x0000000703900000| Untracked 
|  42|0x0000000703a00000, 0x0000000703b00000, 0x0000000703b00000|100%| O|  |TAMS 0x0000000703a00000, 0x0000000703a00000| Untracked 
|  43|0x0000000703b00000, 0x0000000703c00000, 0x0000000703c00000|100%| O|  |TAMS 0x0000000703b00000, 0x0000000703b00000| Untracked 
|  44|0x0000000703c00000, 0x0000000703d00000, 0x0000000703d00000|100%| O|  |TAMS 0x0000000703c00000, 0x0000000703c00000| Untracked 
|  45|0x0000000703d00000, 0x0000000703e00000, 0x0000000703e00000|100%| O|  |TAMS 0x0000000703d00000, 0x0000000703d00000| Untracked 
|  46|0x0000000703e00000, 0x0000000703f00000, 0x0000000703f00000|100%| O|  |TAMS 0x0000000703e00000, 0x0000000703e00000| Untracked 
|  47|0x0000000703f00000, 0x0000000704000000, 0x0000000704000000|100%| O|  |TAMS 0x0000000703f00000, 0x0000000703f00000| Untracked 
|  48|0x0000000704000000, 0x0000000704100000, 0x0000000704100000|100%| O|  |TAMS 0x0000000704000000, 0x0000000704000000| Untracked 
|  49|0x0000000704100000, 0x0000000704200000, 0x0000000704200000|100%| O|  |TAMS 0x0000000704100000, 0x0000000704100000| Untracked 
|  50|0x0000000704200000, 0x0000000704300000, 0x0000000704300000|100%| O|  |TAMS 0x0000000704200000, 0x0000000704200000| Untracked 
|  51|0x0000000704300000, 0x0000000704400000, 0x0000000704400000|100%| O|  |TAMS 0x0000000704300000, 0x0000000704300000| Untracked 
|  52|0x0000000704400000, 0x0000000704500000, 0x0000000704500000|100%| O|  |TAMS 0x0000000704400000, 0x0000000704400000| Untracked 
|  53|0x0000000704500000, 0x0000000704600000, 0x0000000704600000|100%| O|  |TAMS 0x0000000704500000, 0x0000000704500000| Untracked 
|  54|0x0000000704600000, 0x0000000704700000, 0x0000000704700000|100%| O|  |TAMS 0x0000000704600000, 0x0000000704600000| Untracked 
|  55|0x0000000704700000, 0x0000000704800000, 0x0000000704800000|100%| O|  |TAMS 0x0000000704700000, 0x0000000704700000| Untracked 
|  56|0x0000000704800000, 0x0000000704900000, 0x0000000704900000|100%| O|  |TAMS 0x0000000704800000, 0x0000000704800000| Untracked 
|  57|0x0000000704900000, 0x0000000704a00000, 0x0000000704a00000|100%| O|  |TAMS 0x0000000704900000, 0x0000000704900000| Untracked 
|  58|0x0000000704a00000, 0x0000000704b00000, 0x0000000704b00000|100%|HS|  |TAMS 0x0000000704a00000, 0x0000000704a00000| Complete 
|  59|0x0000000704b00000, 0x0000000704c00000, 0x0000000704c00000|100%|HC|  |TAMS 0x0000000704b00000, 0x0000000704b00000| Complete 
|  60|0x0000000704c00000, 0x0000000704d00000, 0x0000000704d00000|100%|HS|  |TAMS 0x0000000704c00000, 0x0000000704c00000| Complete 
|  61|0x0000000704d00000, 0x0000000704e00000, 0x0000000704e00000|100%|HC|  |TAMS 0x0000000704d00000, 0x0000000704d00000| Complete 
|  62|0x0000000704e00000, 0x0000000704f00000, 0x0000000704f00000|100%|HS|  |TAMS 0x0000000704e00000, 0x0000000704e00000| Complete 
|  63|0x0000000704f00000, 0x0000000705000000, 0x0000000705000000|100%|HC|  |TAMS 0x0000000704f00000, 0x0000000704f00000| Complete 
|  64|0x0000000705000000, 0x0000000705000000, 0x0000000705100000|  0%| F|  |TAMS 0x0000000705000000, 0x0000000705000000| Untracked 
|  65|0x0000000705100000, 0x0000000705100000, 0x0000000705200000|  0%| F|  |TAMS 0x0000000705100000, 0x0000000705100000| Untracked 
|  66|0x0000000705200000, 0x0000000705200000, 0x0000000705300000|  0%| F|  |TAMS 0x0000000705200000, 0x0000000705200000| Untracked 
|  67|0x0000000705300000, 0x0000000705300000, 0x0000000705400000|  0%| F|  |TAMS 0x0000000705300000, 0x0000000705300000| Untracked 
|  68|0x0000000705400000, 0x0000000705400000, 0x0000000705500000|  0%| F|  |TAMS 0x0000000705400000, 0x0000000705400000| Untracked 
|  69|0x0000000705500000, 0x0000000705500000, 0x0000000705600000|  0%| F|  |TAMS 0x0000000705500000, 0x0000000705500000| Untracked 
|  70|0x0000000705600000, 0x0000000705600000, 0x0000000705700000|  0%| F|  |TAMS 0x0000000705600000, 0x0000000705600000| Untracked 
|  71|0x0000000705700000, 0x0000000705700000, 0x0000000705800000|  0%| F|  |TAMS 0x0000000705700000, 0x0000000705700000| Untracked 
|  72|0x0000000705800000, 0x0000000705800000, 0x0000000705900000|  0%| F|  |TAMS 0x0000000705800000, 0x0000000705800000| Untracked 
|  73|0x0000000705900000, 0x0000000705900000, 0x0000000705a00000|  0%| F|  |TAMS 0x0000000705900000, 0x0000000705900000| Untracked 
|  74|0x0000000705a00000, 0x0000000705a00000, 0x0000000705b00000|  0%| F|  |TAMS 0x0000000705a00000, 0x0000000705a00000| Untracked 
|  75|0x0000000705b00000, 0x0000000705b00000, 0x0000000705c00000|  0%| F|  |TAMS 0x0000000705b00000, 0x0000000705b00000| Untracked 
|  76|0x0000000705c00000, 0x0000000705c00000, 0x0000000705d00000|  0%| F|  |TAMS 0x0000000705c00000, 0x0000000705c00000| Untracked 
|  77|0x0000000705d00000, 0x0000000705d00000, 0x0000000705e00000|  0%| F|  |TAMS 0x0000000705d00000, 0x0000000705d00000| Untracked 
|  78|0x0000000705e00000, 0x0000000705e00000, 0x0000000705f00000|  0%| F|  |TAMS 0x0000000705e00000, 0x0000000705e00000| Untracked 
|  79|0x0000000705f00000, 0x0000000705f00000, 0x0000000706000000|  0%| F|  |TAMS 0x0000000705f00000, 0x0000000705f00000| Untracked 
|  80|0x0000000706000000, 0x0000000706000000, 0x0000000706100000|  0%| F|  |TAMS 0x0000000706000000, 0x0000000706000000| Untracked 
|  81|0x0000000706100000, 0x0000000706100000, 0x0000000706200000|  0%| F|  |TAMS 0x0000000706100000, 0x0000000706100000| Untracked 
|  82|0x0000000706200000, 0x0000000706200000, 0x0000000706300000|  0%| F|  |TAMS 0x0000000706200000, 0x0000000706200000| Untracked 
|  83|0x0000000706300000, 0x0000000706300000, 0x0000000706400000|  0%| F|  |TAMS 0x0000000706300000, 0x0000000706300000| Untracked 
|  84|0x0000000706400000, 0x0000000706400000, 0x0000000706500000|  0%| F|  |TAMS 0x0000000706400000, 0x0000000706400000| Untracked 
|  85|0x0000000706500000, 0x0000000706500000, 0x0000000706600000|  0%| F|  |TAMS 0x0000000706500000, 0x0000000706500000| Untracked 
|  86|0x0000000706600000, 0x0000000706600000, 0x0000000706700000|  0%| F|  |TAMS 0x0000000706600000, 0x0000000706600000| Untracked 
|  87|0x0000000706700000, 0x0000000706700000, 0x0000000706800000|  0%| F|  |TAMS 0x0000000706700000, 0x0000000706700000| Untracked 
|  88|0x0000000706800000, 0x0000000706800000, 0x0000000706900000|  0%| F|  |TAMS 0x0000000706800000, 0x0000000706800000| Untracked 
|  89|0x0000000706900000, 0x0000000706900000, 0x0000000706a00000|  0%| F|  |TAMS 0x0000000706900000, 0x0000000706900000| Untracked 
|  90|0x0000000706a00000, 0x0000000706a00000, 0x0000000706b00000|  0%| F|  |TAMS 0x0000000706a00000, 0x0000000706a00000| Untracked 
|  91|0x0000000706b00000, 0x0000000706b00000, 0x0000000706c00000|  0%| F|  |TAMS 0x0000000706b00000, 0x0000000706b00000| Untracked 
|  92|0x0000000706c00000, 0x0000000706c00000, 0x0000000706d00000|  0%| F|  |TAMS 0x0000000706c00000, 0x0000000706c00000| Untracked 
|  93|0x0000000706d00000, 0x0000000706d00000, 0x0000000706e00000|  0%| F|  |TAMS 0x0000000706d00000, 0x0000000706d00000| Untracked 
|  94|0x0000000706e00000, 0x0000000706e00000, 0x0000000706f00000|  0%| F|  |TAMS 0x0000000706e00000, 0x0000000706e00000| Untracked 
|  95|0x0000000706f00000, 0x0000000706f00000, 0x0000000707000000|  0%| F|  |TAMS 0x0000000706f00000, 0x0000000706f00000| Untracked 
|  96|0x0000000707000000, 0x0000000707000000, 0x0000000707100000|  0%| F|  |TAMS 0x0000000707000000, 0x0000000707000000| Untracked 
|  97|0x0000000707100000, 0x0000000707100000, 0x0000000707200000|  0%| F|  |TAMS 0x0000000707100000, 0x0000000707100000| Untracked 
|  98|0x0000000707200000, 0x0000000707200000, 0x0000000707300000|  0%| F|  |TAMS 0x0000000707200000, 0x0000000707200000| Untracked 
|  99|0x0000000707300000, 0x0000000707300000, 0x0000000707400000|  0%| F|  |TAMS 0x0000000707300000, 0x0000000707300000| Untracked 
| 100|0x0000000707400000, 0x0000000707400000, 0x0000000707500000|  0%| F|  |TAMS 0x0000000707400000, 0x0000000707400000| Untracked 
| 101|0x0000000707500000, 0x0000000707500000, 0x0000000707600000|  0%| F|  |TAMS 0x0000000707500000, 0x0000000707500000| Untracked 
| 102|0x0000000707600000, 0x0000000707600000, 0x0000000707700000|  0%| F|  |TAMS 0x0000000707600000, 0x0000000707600000| Untracked 
| 103|0x0000000707700000, 0x0000000707700000, 0x0000000707800000|  0%| F|  |TAMS 0x0000000707700000, 0x0000000707700000| Untracked 
| 104|0x0000000707800000, 0x0000000707800000, 0x0000000707900000|  0%| F|  |TAMS 0x0000000707800000, 0x0000000707800000| Untracked 
| 105|0x0000000707900000, 0x0000000707900000, 0x0000000707a00000|  0%| F|  |TAMS 0x0000000707900000, 0x0000000707900000| Untracked 
| 106|0x0000000707a00000, 0x0000000707a00000, 0x0000000707b00000|  0%| F|  |TAMS 0x0000000707a00000, 0x0000000707a00000| Untracked 
| 107|0x0000000707b00000, 0x0000000707b00000, 0x0000000707c00000|  0%| F|  |TAMS 0x0000000707b00000, 0x0000000707b00000| Untracked 
| 108|0x0000000707c00000, 0x0000000707c00000, 0x0000000707d00000|  0%| F|  |TAMS 0x0000000707c00000, 0x0000000707c00000| Untracked 
| 109|0x0000000707d00000, 0x0000000707d00000, 0x0000000707e00000|  0%| F|  |TAMS 0x0000000707d00000, 0x0000000707d00000| Untracked 
| 110|0x0000000707e00000, 0x0000000707e00000, 0x0000000707f00000|  0%| F|  |TAMS 0x0000000707e00000, 0x0000000707e00000| Untracked 
| 111|0x0000000707f00000, 0x0000000707f00000, 0x0000000708000000|  0%| F|  |TAMS 0x0000000707f00000, 0x0000000707f00000| Untracked 
| 112|0x0000000708000000, 0x0000000708000000, 0x0000000708100000|  0%| F|  |TAMS 0x0000000708000000, 0x0000000708000000| Untracked 
| 113|0x0000000708100000, 0x0000000708100000, 0x0000000708200000|  0%| F|  |TAMS 0x0000000708100000, 0x0000000708100000| Untracked 
| 114|0x0000000708200000, 0x0000000708200000, 0x0000000708300000|  0%| F|  |TAMS 0x0000000708200000, 0x0000000708200000| Untracked 
| 115|0x0000000708300000, 0x0000000708300000, 0x0000000708400000|  0%| F|  |TAMS 0x0000000708300000, 0x0000000708300000| Untracked 
| 116|0x0000000708400000, 0x0000000708400000, 0x0000000708500000|  0%| F|  |TAMS 0x0000000708400000, 0x0000000708400000| Untracked 
| 117|0x0000000708500000, 0x0000000708500000, 0x0000000708600000|  0%| F|  |TAMS 0x0000000708500000, 0x0000000708500000| Untracked 
| 118|0x0000000708600000, 0x0000000708600000, 0x0000000708700000|  0%| F|  |TAMS 0x0000000708600000, 0x0000000708600000| Untracked 
| 119|0x0000000708700000, 0x0000000708700000, 0x0000000708800000|  0%| F|  |TAMS 0x0000000708700000, 0x0000000708700000| Untracked 
| 120|0x0000000708800000, 0x0000000708800000, 0x0000000708900000|  0%| F|  |TAMS 0x0000000708800000, 0x0000000708800000| Untracked 
| 121|0x0000000708900000, 0x0000000708900000, 0x0000000708a00000|  0%| F|  |TAMS 0x0000000708900000, 0x0000000708900000| Untracked 
| 122|0x0000000708a00000, 0x0000000708a00000, 0x0000000708b00000|  0%| F|  |TAMS 0x0000000708a00000, 0x0000000708a00000| Untracked 
| 123|0x0000000708b00000, 0x0000000708b00000, 0x0000000708c00000|  0%| F|  |TAMS 0x0000000708b00000, 0x0000000708b00000| Untracked 
| 124|0x0000000708c00000, 0x0000000708c00000, 0x0000000708d00000|  0%| F|  |TAMS 0x0000000708c00000, 0x0000000708c00000| Untracked 
| 125|0x0000000708d00000, 0x0000000708db5220, 0x0000000708e00000| 70%| S|CS|TAMS 0x0000000708d00000, 0x0000000708d00000| Complete 
| 126|0x0000000708e00000, 0x0000000708f00000, 0x0000000708f00000|100%| S|CS|TAMS 0x0000000708e00000, 0x0000000708e00000| Complete 
| 127|0x0000000708f00000, 0x0000000709000000, 0x0000000709000000|100%| S|CS|TAMS 0x0000000708f00000, 0x0000000708f00000| Complete 
| 128|0x0000000709000000, 0x0000000709000000, 0x0000000709100000|  0%| F|  |TAMS 0x0000000709000000, 0x0000000709000000| Untracked 
| 129|0x0000000709100000, 0x0000000709100000, 0x0000000709200000|  0%| F|  |TAMS 0x0000000709100000, 0x0000000709100000| Untracked 
| 130|0x0000000709200000, 0x0000000709200000, 0x0000000709300000|  0%| F|  |TAMS 0x0000000709200000, 0x0000000709200000| Untracked 
| 131|0x0000000709300000, 0x0000000709300000, 0x0000000709400000|  0%| F|  |TAMS 0x0000000709300000, 0x0000000709300000| Untracked 
| 132|0x0000000709400000, 0x0000000709400000, 0x0000000709500000|  0%| F|  |TAMS 0x0000000709400000, 0x0000000709400000| Untracked 
| 133|0x0000000709500000, 0x0000000709500000, 0x0000000709600000|  0%| F|  |TAMS 0x0000000709500000, 0x0000000709500000| Untracked 
| 134|0x0000000709600000, 0x0000000709600000, 0x0000000709700000|  0%| F|  |TAMS 0x0000000709600000, 0x0000000709600000| Untracked 
| 135|0x0000000709700000, 0x0000000709700000, 0x0000000709800000|  0%| F|  |TAMS 0x0000000709700000, 0x0000000709700000| Untracked 
| 136|0x0000000709800000, 0x0000000709800000, 0x0000000709900000|  0%| F|  |TAMS 0x0000000709800000, 0x0000000709800000| Untracked 
| 137|0x0000000709900000, 0x0000000709900000, 0x0000000709a00000|  0%| F|  |TAMS 0x0000000709900000, 0x0000000709900000| Untracked 
| 138|0x0000000709a00000, 0x0000000709a00000, 0x0000000709b00000|  0%| F|  |TAMS 0x0000000709a00000, 0x0000000709a00000| Untracked 
| 139|0x0000000709b00000, 0x0000000709b00000, 0x0000000709c00000|  0%| F|  |TAMS 0x0000000709b00000, 0x0000000709b00000| Untracked 
| 140|0x0000000709c00000, 0x0000000709c00000, 0x0000000709d00000|  0%| F|  |TAMS 0x0000000709c00000, 0x0000000709c00000| Untracked 
| 141|0x0000000709d00000, 0x0000000709d00000, 0x0000000709e00000|  0%| F|  |TAMS 0x0000000709d00000, 0x0000000709d00000| Untracked 
| 142|0x0000000709e00000, 0x0000000709e00000, 0x0000000709f00000|  0%| F|  |TAMS 0x0000000709e00000, 0x0000000709e00000| Untracked 
| 143|0x0000000709f00000, 0x0000000709f00000, 0x000000070a000000|  0%| F|  |TAMS 0x0000000709f00000, 0x0000000709f00000| Untracked 
| 144|0x000000070a000000, 0x000000070a000000, 0x000000070a100000|  0%| F|  |TAMS 0x000000070a000000, 0x000000070a000000| Untracked 
| 145|0x000000070a100000, 0x000000070a100000, 0x000000070a200000|  0%| F|  |TAMS 0x000000070a100000, 0x000000070a100000| Untracked 
| 146|0x000000070a200000, 0x000000070a200000, 0x000000070a300000|  0%| F|  |TAMS 0x000000070a200000, 0x000000070a200000| Untracked 
| 147|0x000000070a300000, 0x000000070a300000, 0x000000070a400000|  0%| F|  |TAMS 0x000000070a300000, 0x000000070a300000| Untracked 
| 148|0x000000070a400000, 0x000000070a500000, 0x000000070a500000|100%| S|CS|TAMS 0x000000070a400000, 0x000000070a400000| Complete 
| 149|0x000000070a500000, 0x000000070a600000, 0x000000070a600000|100%| S|CS|TAMS 0x000000070a500000, 0x000000070a500000| Complete 
| 150|0x000000070a600000, 0x000000070a700000, 0x000000070a700000|100%| S|CS|TAMS 0x000000070a600000, 0x000000070a600000| Complete 
| 151|0x000000070a700000, 0x000000070a800000, 0x000000070a800000|100%| S|CS|TAMS 0x000000070a700000, 0x000000070a700000| Complete 
| 152|0x000000070a800000, 0x000000070a900000, 0x000000070a900000|100%| S|CS|TAMS 0x000000070a800000, 0x000000070a800000| Complete 
| 153|0x000000070a900000, 0x000000070aa00000, 0x000000070aa00000|100%| S|CS|TAMS 0x000000070a900000, 0x000000070a900000| Complete 
| 154|0x000000070aa00000, 0x000000070ab00000, 0x000000070ab00000|100%| S|CS|TAMS 0x000000070aa00000, 0x000000070aa00000| Complete 
| 155|0x000000070ab00000, 0x000000070ac00000, 0x000000070ac00000|100%| S|CS|TAMS 0x000000070ab00000, 0x000000070ab00000| Complete 
| 156|0x000000070ac00000, 0x000000070ad00000, 0x000000070ad00000|100%| S|CS|TAMS 0x000000070ac00000, 0x000000070ac00000| Complete 
| 157|0x000000070ad00000, 0x000000070ae00000, 0x000000070ae00000|100%| S|CS|TAMS 0x000000070ad00000, 0x000000070ad00000| Complete 
| 158|0x000000070ae00000, 0x000000070af00000, 0x000000070af00000|100%| S|CS|TAMS 0x000000070ae00000, 0x000000070ae00000| Complete 
| 159|0x000000070af00000, 0x000000070b000000, 0x000000070b000000|100%| S|CS|TAMS 0x000000070af00000, 0x000000070af00000| Complete 
| 160|0x000000070b000000, 0x000000070b100000, 0x000000070b100000|100%| S|CS|TAMS 0x000000070b000000, 0x000000070b000000| Complete 
| 161|0x000000070b100000, 0x000000070b100000, 0x000000070b200000|  0%| F|  |TAMS 0x000000070b100000, 0x000000070b100000| Untracked 
| 162|0x000000070b200000, 0x000000070b200000, 0x000000070b300000|  0%| F|  |TAMS 0x000000070b200000, 0x000000070b200000| Untracked 
| 163|0x000000070b300000, 0x000000070b300000, 0x000000070b400000|  0%| F|  |TAMS 0x000000070b300000, 0x000000070b300000| Untracked 
| 164|0x000000070b400000, 0x000000070b400000, 0x000000070b500000|  0%| F|  |TAMS 0x000000070b400000, 0x000000070b400000| Untracked 
| 165|0x000000070b500000, 0x000000070b500000, 0x000000070b600000|  0%| F|  |TAMS 0x000000070b500000, 0x000000070b500000| Untracked 
| 166|0x000000070b600000, 0x000000070b600000, 0x000000070b700000|  0%| F|  |TAMS 0x000000070b600000, 0x000000070b600000| Untracked 
| 167|0x000000070b700000, 0x000000070b700000, 0x000000070b800000|  0%| F|  |TAMS 0x000000070b700000, 0x000000070b700000| Untracked 
| 168|0x000000070b800000, 0x000000070b800000, 0x000000070b900000|  0%| F|  |TAMS 0x000000070b800000, 0x000000070b800000| Untracked 
| 169|0x000000070b900000, 0x000000070b900000, 0x000000070ba00000|  0%| F|  |TAMS 0x000000070b900000, 0x000000070b900000| Untracked 
| 170|0x000000070ba00000, 0x000000070ba00000, 0x000000070bb00000|  0%| F|  |TAMS 0x000000070ba00000, 0x000000070ba00000| Untracked 
| 171|0x000000070bb00000, 0x000000070bb00000, 0x000000070bc00000|  0%| F|  |TAMS 0x000000070bb00000, 0x000000070bb00000| Untracked 
| 172|0x000000070bc00000, 0x000000070bc00000, 0x000000070bd00000|  0%| F|  |TAMS 0x000000070bc00000, 0x000000070bc00000| Untracked 
| 173|0x000000070bd00000, 0x000000070bd00000, 0x000000070be00000|  0%| F|  |TAMS 0x000000070bd00000, 0x000000070bd00000| Untracked 
| 174|0x000000070be00000, 0x000000070be00000, 0x000000070bf00000|  0%| F|  |TAMS 0x000000070be00000, 0x000000070be00000| Untracked 
| 175|0x000000070bf00000, 0x000000070bf00000, 0x000000070c000000|  0%| F|  |TAMS 0x000000070bf00000, 0x000000070bf00000| Untracked 
| 176|0x000000070c000000, 0x000000070c000000, 0x000000070c100000|  0%| F|  |TAMS 0x000000070c000000, 0x000000070c000000| Untracked 
| 177|0x000000070c100000, 0x000000070c100000, 0x000000070c200000|  0%| F|  |TAMS 0x000000070c100000, 0x000000070c100000| Untracked 
| 178|0x000000070c200000, 0x000000070c200000, 0x000000070c300000|  0%| F|  |TAMS 0x000000070c200000, 0x000000070c200000| Untracked 
| 179|0x000000070c300000, 0x000000070c300000, 0x000000070c400000|  0%| F|  |TAMS 0x000000070c300000, 0x000000070c300000| Untracked 
| 180|0x000000070c400000, 0x000000070c400000, 0x000000070c500000|  0%| F|  |TAMS 0x000000070c400000, 0x000000070c400000| Untracked 
| 181|0x000000070c500000, 0x000000070c500000, 0x000000070c600000|  0%| F|  |TAMS 0x000000070c500000, 0x000000070c500000| Untracked 
| 182|0x000000070c600000, 0x000000070c600000, 0x000000070c700000|  0%| F|  |TAMS 0x000000070c600000, 0x000000070c600000| Untracked 
| 183|0x000000070c700000, 0x000000070c700000, 0x000000070c800000|  0%| F|  |TAMS 0x000000070c700000, 0x000000070c700000| Untracked 
| 184|0x000000070c800000, 0x000000070c800000, 0x000000070c900000|  0%| F|  |TAMS 0x000000070c800000, 0x000000070c800000| Untracked 
| 185|0x000000070c900000, 0x000000070c900000, 0x000000070ca00000|  0%| F|  |TAMS 0x000000070c900000, 0x000000070c900000| Untracked 
| 186|0x000000070ca00000, 0x000000070ca00000, 0x000000070cb00000|  0%| F|  |TAMS 0x000000070ca00000, 0x000000070ca00000| Untracked 
| 187|0x000000070cb00000, 0x000000070cb00000, 0x000000070cc00000|  0%| F|  |TAMS 0x000000070cb00000, 0x000000070cb00000| Untracked 
| 188|0x000000070cc00000, 0x000000070cc00000, 0x000000070cd00000|  0%| F|  |TAMS 0x000000070cc00000, 0x000000070cc00000| Untracked 
| 189|0x000000070cd00000, 0x000000070cd00000, 0x000000070ce00000|  0%| F|  |TAMS 0x000000070cd00000, 0x000000070cd00000| Untracked 
| 190|0x000000070ce00000, 0x000000070ce00000, 0x000000070cf00000|  0%| F|  |TAMS 0x000000070ce00000, 0x000000070ce00000| Untracked 
| 191|0x000000070cf00000, 0x000000070cf00000, 0x000000070d000000|  0%| F|  |TAMS 0x000000070cf00000, 0x000000070cf00000| Untracked 
| 192|0x000000070d000000, 0x000000070d000000, 0x000000070d100000|  0%| F|  |TAMS 0x000000070d000000, 0x000000070d000000| Untracked 
| 193|0x000000070d100000, 0x000000070d100000, 0x000000070d200000|  0%| F|  |TAMS 0x000000070d100000, 0x000000070d100000| Untracked 
| 194|0x000000070d200000, 0x000000070d200000, 0x000000070d300000|  0%| F|  |TAMS 0x000000070d200000, 0x000000070d200000| Untracked 
| 195|0x000000070d300000, 0x000000070d300000, 0x000000070d400000|  0%| F|  |TAMS 0x000000070d300000, 0x000000070d300000| Untracked 
| 196|0x000000070d400000, 0x000000070d400000, 0x000000070d500000|  0%| F|  |TAMS 0x000000070d400000, 0x000000070d400000| Untracked 
| 197|0x000000070d500000, 0x000000070d500000, 0x000000070d600000|  0%| F|  |TAMS 0x000000070d500000, 0x000000070d500000| Untracked 
| 198|0x000000070d600000, 0x000000070d600000, 0x000000070d700000|  0%| F|  |TAMS 0x000000070d600000, 0x000000070d600000| Untracked 
| 199|0x000000070d700000, 0x000000070d700000, 0x000000070d800000|  0%| F|  |TAMS 0x000000070d700000, 0x000000070d700000| Untracked 
| 200|0x000000070d800000, 0x000000070d800000, 0x000000070d900000|  0%| F|  |TAMS 0x000000070d800000, 0x000000070d800000| Untracked 
| 201|0x000000070d900000, 0x000000070d900000, 0x000000070da00000|  0%| F|  |TAMS 0x000000070d900000, 0x000000070d900000| Untracked 
| 202|0x000000070da00000, 0x000000070da00000, 0x000000070db00000|  0%| F|  |TAMS 0x000000070da00000, 0x000000070da00000| Untracked 
| 203|0x000000070db00000, 0x000000070db00000, 0x000000070dc00000|  0%| F|  |TAMS 0x000000070db00000, 0x000000070db00000| Untracked 
| 204|0x000000070dc00000, 0x000000070dc00000, 0x000000070dd00000|  0%| F|  |TAMS 0x000000070dc00000, 0x000000070dc00000| Untracked 
| 205|0x000000070dd00000, 0x000000070dd00000, 0x000000070de00000|  0%| F|  |TAMS 0x000000070dd00000, 0x000000070dd00000| Untracked 
| 206|0x000000070de00000, 0x000000070de00000, 0x000000070df00000|  0%| F|  |TAMS 0x000000070de00000, 0x000000070de00000| Untracked 
| 207|0x000000070df00000, 0x000000070df00000, 0x000000070e000000|  0%| F|  |TAMS 0x000000070df00000, 0x000000070df00000| Untracked 
| 208|0x000000070e000000, 0x000000070e000000, 0x000000070e100000|  0%| F|  |TAMS 0x000000070e000000, 0x000000070e000000| Untracked 
| 209|0x000000070e100000, 0x000000070e100000, 0x000000070e200000|  0%| F|  |TAMS 0x000000070e100000, 0x000000070e100000| Untracked 
| 210|0x000000070e200000, 0x000000070e200000, 0x000000070e300000|  0%| F|  |TAMS 0x000000070e200000, 0x000000070e200000| Untracked 
| 211|0x000000070e300000, 0x000000070e300000, 0x000000070e400000|  0%| F|  |TAMS 0x000000070e300000, 0x000000070e300000| Untracked 
| 212|0x000000070e400000, 0x000000070e400000, 0x000000070e500000|  0%| F|  |TAMS 0x000000070e400000, 0x000000070e400000| Untracked 
| 213|0x000000070e500000, 0x000000070e500000, 0x000000070e600000|  0%| F|  |TAMS 0x000000070e500000, 0x000000070e500000| Untracked 
| 214|0x000000070e600000, 0x000000070e600000, 0x000000070e700000|  0%| F|  |TAMS 0x000000070e600000, 0x000000070e600000| Untracked 
| 215|0x000000070e700000, 0x000000070e700000, 0x000000070e800000|  0%| F|  |TAMS 0x000000070e700000, 0x000000070e700000| Untracked 
| 216|0x000000070e800000, 0x000000070e800000, 0x000000070e900000|  0%| F|  |TAMS 0x000000070e800000, 0x000000070e800000| Untracked 
| 217|0x000000070e900000, 0x000000070e900000, 0x000000070ea00000|  0%| F|  |TAMS 0x000000070e900000, 0x000000070e900000| Untracked 
| 218|0x000000070ea00000, 0x000000070ea00000, 0x000000070eb00000|  0%| F|  |TAMS 0x000000070ea00000, 0x000000070ea00000| Untracked 
| 219|0x000000070eb00000, 0x000000070eb00000, 0x000000070ec00000|  0%| F|  |TAMS 0x000000070eb00000, 0x000000070eb00000| Untracked 
| 220|0x000000070ec00000, 0x000000070ec00000, 0x000000070ed00000|  0%| F|  |TAMS 0x000000070ec00000, 0x000000070ec00000| Untracked 
| 221|0x000000070ed00000, 0x000000070ed00000, 0x000000070ee00000|  0%| F|  |TAMS 0x000000070ed00000, 0x000000070ed00000| Untracked 
| 222|0x000000070ee00000, 0x000000070ee00000, 0x000000070ef00000|  0%| F|  |TAMS 0x000000070ee00000, 0x000000070ee00000| Untracked 
| 223|0x000000070ef00000, 0x000000070ef00000, 0x000000070f000000|  0%| F|  |TAMS 0x000000070ef00000, 0x000000070ef00000| Untracked 
| 224|0x000000070f000000, 0x000000070f000000, 0x000000070f100000|  0%| F|  |TAMS 0x000000070f000000, 0x000000070f000000| Untracked 
| 225|0x000000070f100000, 0x000000070f100000, 0x000000070f200000|  0%| F|  |TAMS 0x000000070f100000, 0x000000070f100000| Untracked 
| 226|0x000000070f200000, 0x000000070f200000, 0x000000070f300000|  0%| F|  |TAMS 0x000000070f200000, 0x000000070f200000| Untracked 
| 227|0x000000070f300000, 0x000000070f300000, 0x000000070f400000|  0%| F|  |TAMS 0x000000070f300000, 0x000000070f300000| Untracked 
| 228|0x000000070f400000, 0x000000070f400000, 0x000000070f500000|  0%| F|  |TAMS 0x000000070f400000, 0x000000070f400000| Untracked 
| 229|0x000000070f500000, 0x000000070f500000, 0x000000070f600000|  0%| F|  |TAMS 0x000000070f500000, 0x000000070f500000| Untracked 
| 230|0x000000070f600000, 0x000000070f600000, 0x000000070f700000|  0%| F|  |TAMS 0x000000070f600000, 0x000000070f600000| Untracked 
| 231|0x000000070f700000, 0x000000070f700000, 0x000000070f800000|  0%| F|  |TAMS 0x000000070f700000, 0x000000070f700000| Untracked 
| 232|0x000000070f800000, 0x000000070f800000, 0x000000070f900000|  0%| F|  |TAMS 0x000000070f800000, 0x000000070f800000| Untracked 
| 233|0x000000070f900000, 0x000000070f900000, 0x000000070fa00000|  0%| F|  |TAMS 0x000000070f900000, 0x000000070f900000| Untracked 
| 234|0x000000070fa00000, 0x000000070fa00000, 0x000000070fb00000|  0%| F|  |TAMS 0x000000070fa00000, 0x000000070fa00000| Untracked 
| 235|0x000000070fb00000, 0x000000070fb00000, 0x000000070fc00000|  0%| F|  |TAMS 0x000000070fb00000, 0x000000070fb00000| Untracked 
| 236|0x000000070fc00000, 0x000000070fc00000, 0x000000070fd00000|  0%| F|  |TAMS 0x000000070fc00000, 0x000000070fc00000| Untracked 
| 237|0x000000070fd00000, 0x000000070fd00000, 0x000000070fe00000|  0%| F|  |TAMS 0x000000070fd00000, 0x000000070fd00000| Untracked 
| 238|0x000000070fe00000, 0x000000070fe00000, 0x000000070ff00000|  0%| F|  |TAMS 0x000000070fe00000, 0x000000070fe00000| Untracked 
| 239|0x000000070ff00000, 0x000000070ff00000, 0x0000000710000000|  0%| F|  |TAMS 0x000000070ff00000, 0x000000070ff00000| Untracked 
| 240|0x0000000710000000, 0x0000000710000000, 0x0000000710100000|  0%| F|  |TAMS 0x0000000710000000, 0x0000000710000000| Untracked 
| 241|0x0000000710100000, 0x0000000710100000, 0x0000000710200000|  0%| F|  |TAMS 0x0000000710100000, 0x0000000710100000| Untracked 
| 242|0x0000000710200000, 0x0000000710200000, 0x0000000710300000|  0%| F|  |TAMS 0x0000000710200000, 0x0000000710200000| Untracked 
| 243|0x0000000710300000, 0x0000000710300000, 0x0000000710400000|  0%| F|  |TAMS 0x0000000710300000, 0x0000000710300000| Untracked 
| 244|0x0000000710400000, 0x0000000710400000, 0x0000000710500000|  0%| F|  |TAMS 0x0000000710400000, 0x0000000710400000| Untracked 
| 245|0x0000000710500000, 0x0000000710500000, 0x0000000710600000|  0%| F|  |TAMS 0x0000000710500000, 0x0000000710500000| Untracked 
| 246|0x0000000710600000, 0x0000000710600000, 0x0000000710700000|  0%| F|  |TAMS 0x0000000710600000, 0x0000000710600000| Untracked 
| 247|0x0000000710700000, 0x0000000710700000, 0x0000000710800000|  0%| F|  |TAMS 0x0000000710700000, 0x0000000710700000| Untracked 
| 248|0x0000000710800000, 0x0000000710800000, 0x0000000710900000|  0%| F|  |TAMS 0x0000000710800000, 0x0000000710800000| Untracked 
| 249|0x0000000710900000, 0x0000000710900000, 0x0000000710a00000|  0%| F|  |TAMS 0x0000000710900000, 0x0000000710900000| Untracked 
| 250|0x0000000710a00000, 0x0000000710a00000, 0x0000000710b00000|  0%| F|  |TAMS 0x0000000710a00000, 0x0000000710a00000| Untracked 
| 251|0x0000000710b00000, 0x0000000710b99790, 0x0000000710c00000| 59%| E|  |TAMS 0x0000000710b00000, 0x0000000710b00000| Complete 
| 252|0x0000000710c00000, 0x0000000710d00000, 0x0000000710d00000|100%| E|CS|TAMS 0x0000000710c00000, 0x0000000710c00000| Complete 
| 253|0x0000000710d00000, 0x0000000710e00000, 0x0000000710e00000|100%| E|CS|TAMS 0x0000000710d00000, 0x0000000710d00000| Complete 
| 254|0x0000000710e00000, 0x0000000710f00000, 0x0000000710f00000|100%| E|CS|TAMS 0x0000000710e00000, 0x0000000710e00000| Complete 
| 255|0x0000000710f00000, 0x0000000711000000, 0x0000000711000000|100%| E|CS|TAMS 0x0000000710f00000, 0x0000000710f00000| Complete 
| 256|0x0000000711000000, 0x0000000711100000, 0x0000000711100000|100%| E|CS|TAMS 0x0000000711000000, 0x0000000711000000| Complete 
| 257|0x0000000711100000, 0x0000000711200000, 0x0000000711200000|100%| E|CS|TAMS 0x0000000711100000, 0x0000000711100000| Complete 
| 258|0x0000000711200000, 0x0000000711300000, 0x0000000711300000|100%| E|CS|TAMS 0x0000000711200000, 0x0000000711200000| Complete 
| 259|0x0000000711300000, 0x0000000711400000, 0x0000000711400000|100%| E|CS|TAMS 0x0000000711300000, 0x0000000711300000| Complete 
| 260|0x0000000711400000, 0x0000000711500000, 0x0000000711500000|100%| E|CS|TAMS 0x0000000711400000, 0x0000000711400000| Complete 
| 261|0x0000000711500000, 0x0000000711600000, 0x0000000711600000|100%| E|CS|TAMS 0x0000000711500000, 0x0000000711500000| Complete 
| 262|0x0000000711600000, 0x0000000711700000, 0x0000000711700000|100%| E|CS|TAMS 0x0000000711600000, 0x0000000711600000| Complete 
| 263|0x0000000711700000, 0x0000000711800000, 0x0000000711800000|100%| E|CS|TAMS 0x0000000711700000, 0x0000000711700000| Complete 
| 264|0x0000000711800000, 0x0000000711900000, 0x0000000711900000|100%| E|CS|TAMS 0x0000000711800000, 0x0000000711800000| Complete 
| 265|0x0000000711900000, 0x0000000711a00000, 0x0000000711a00000|100%| E|CS|TAMS 0x0000000711900000, 0x0000000711900000| Complete 
| 266|0x0000000711a00000, 0x0000000711b00000, 0x0000000711b00000|100%| E|CS|TAMS 0x0000000711a00000, 0x0000000711a00000| Complete 
| 267|0x0000000711b00000, 0x0000000711c00000, 0x0000000711c00000|100%| E|CS|TAMS 0x0000000711b00000, 0x0000000711b00000| Complete 
| 268|0x0000000711c00000, 0x0000000711d00000, 0x0000000711d00000|100%| E|CS|TAMS 0x0000000711c00000, 0x0000000711c00000| Complete 
| 269|0x0000000711d00000, 0x0000000711e00000, 0x0000000711e00000|100%| E|CS|TAMS 0x0000000711d00000, 0x0000000711d00000| Complete 
| 270|0x0000000711e00000, 0x0000000711f00000, 0x0000000711f00000|100%| E|CS|TAMS 0x0000000711e00000, 0x0000000711e00000| Complete 
| 271|0x0000000711f00000, 0x0000000712000000, 0x0000000712000000|100%| E|CS|TAMS 0x0000000711f00000, 0x0000000711f00000| Complete 
| 272|0x0000000712000000, 0x0000000712100000, 0x0000000712100000|100%| E|CS|TAMS 0x0000000712000000, 0x0000000712000000| Complete 
| 273|0x0000000712100000, 0x0000000712200000, 0x0000000712200000|100%| E|CS|TAMS 0x0000000712100000, 0x0000000712100000| Complete 
| 274|0x0000000712200000, 0x0000000712300000, 0x0000000712300000|100%| E|CS|TAMS 0x0000000712200000, 0x0000000712200000| Complete 
| 275|0x0000000712300000, 0x0000000712400000, 0x0000000712400000|100%| E|CS|TAMS 0x0000000712300000, 0x0000000712300000| Complete 
| 276|0x0000000712400000, 0x0000000712500000, 0x0000000712500000|100%| E|CS|TAMS 0x0000000712400000, 0x0000000712400000| Complete 
| 277|0x0000000712500000, 0x0000000712600000, 0x0000000712600000|100%| E|CS|TAMS 0x0000000712500000, 0x0000000712500000| Complete 
| 278|0x0000000712600000, 0x0000000712700000, 0x0000000712700000|100%| E|CS|TAMS 0x0000000712600000, 0x0000000712600000| Complete 
| 279|0x0000000712700000, 0x0000000712800000, 0x0000000712800000|100%| E|CS|TAMS 0x0000000712700000, 0x0000000712700000| Complete 
| 280|0x0000000712800000, 0x0000000712900000, 0x0000000712900000|100%| E|CS|TAMS 0x0000000712800000, 0x0000000712800000| Complete 
| 281|0x0000000712900000, 0x0000000712a00000, 0x0000000712a00000|100%| E|CS|TAMS 0x0000000712900000, 0x0000000712900000| Complete 
| 282|0x0000000712a00000, 0x0000000712b00000, 0x0000000712b00000|100%| E|CS|TAMS 0x0000000712a00000, 0x0000000712a00000| Complete 
| 283|0x0000000712b00000, 0x0000000712c00000, 0x0000000712c00000|100%| E|CS|TAMS 0x0000000712b00000, 0x0000000712b00000| Complete 
| 284|0x0000000712c00000, 0x0000000712d00000, 0x0000000712d00000|100%| E|CS|TAMS 0x0000000712c00000, 0x0000000712c00000| Complete 
| 285|0x0000000712d00000, 0x0000000712e00000, 0x0000000712e00000|100%| E|CS|TAMS 0x0000000712d00000, 0x0000000712d00000| Complete 
| 286|0x0000000712e00000, 0x0000000712f00000, 0x0000000712f00000|100%| E|CS|TAMS 0x0000000712e00000, 0x0000000712e00000| Complete 
| 287|0x0000000712f00000, 0x0000000713000000, 0x0000000713000000|100%| E|CS|TAMS 0x0000000712f00000, 0x0000000712f00000| Complete 
| 288|0x0000000713000000, 0x0000000713100000, 0x0000000713100000|100%| E|CS|TAMS 0x0000000713000000, 0x0000000713000000| Complete 
| 289|0x0000000713100000, 0x0000000713200000, 0x0000000713200000|100%| E|CS|TAMS 0x0000000713100000, 0x0000000713100000| Complete 
| 290|0x0000000713200000, 0x0000000713300000, 0x0000000713300000|100%| E|CS|TAMS 0x0000000713200000, 0x0000000713200000| Complete 
| 291|0x0000000713300000, 0x0000000713400000, 0x0000000713400000|100%| E|CS|TAMS 0x0000000713300000, 0x0000000713300000| Complete 
| 292|0x0000000713400000, 0x0000000713500000, 0x0000000713500000|100%| E|CS|TAMS 0x0000000713400000, 0x0000000713400000| Complete 
| 293|0x0000000713500000, 0x0000000713600000, 0x0000000713600000|100%| E|CS|TAMS 0x0000000713500000, 0x0000000713500000| Complete 
| 294|0x0000000713600000, 0x0000000713700000, 0x0000000713700000|100%| E|CS|TAMS 0x0000000713600000, 0x0000000713600000| Complete 
| 295|0x0000000713700000, 0x0000000713800000, 0x0000000713800000|100%| E|CS|TAMS 0x0000000713700000, 0x0000000713700000| Complete 
| 296|0x0000000713800000, 0x0000000713900000, 0x0000000713900000|100%| E|CS|TAMS 0x0000000713800000, 0x0000000713800000| Complete 
| 297|0x0000000713900000, 0x0000000713a00000, 0x0000000713a00000|100%| E|CS|TAMS 0x0000000713900000, 0x0000000713900000| Complete 
| 298|0x0000000713a00000, 0x0000000713b00000, 0x0000000713b00000|100%| E|CS|TAMS 0x0000000713a00000, 0x0000000713a00000| Complete 
| 299|0x0000000713b00000, 0x0000000713c00000, 0x0000000713c00000|100%| E|CS|TAMS 0x0000000713b00000, 0x0000000713b00000| Complete 
| 300|0x0000000713c00000, 0x0000000713d00000, 0x0000000713d00000|100%| E|CS|TAMS 0x0000000713c00000, 0x0000000713c00000| Complete 
| 301|0x0000000713d00000, 0x0000000713e00000, 0x0000000713e00000|100%| E|CS|TAMS 0x0000000713d00000, 0x0000000713d00000| Complete 
| 302|0x0000000713e00000, 0x0000000713f00000, 0x0000000713f00000|100%| E|CS|TAMS 0x0000000713e00000, 0x0000000713e00000| Complete 
| 303|0x0000000713f00000, 0x0000000714000000, 0x0000000714000000|100%| E|CS|TAMS 0x0000000713f00000, 0x0000000713f00000| Complete 
| 304|0x0000000714000000, 0x0000000714100000, 0x0000000714100000|100%| E|CS|TAMS 0x0000000714000000, 0x0000000714000000| Complete 
| 305|0x0000000714100000, 0x0000000714200000, 0x0000000714200000|100%| E|CS|TAMS 0x0000000714100000, 0x0000000714100000| Complete 
| 306|0x0000000714200000, 0x0000000714300000, 0x0000000714300000|100%| E|CS|TAMS 0x0000000714200000, 0x0000000714200000| Complete 
| 307|0x0000000714300000, 0x0000000714400000, 0x0000000714400000|100%| E|CS|TAMS 0x0000000714300000, 0x0000000714300000| Complete 

Card table byte_map: [0x0000020efb590000,0x0000020efbd90000] _byte_map_base: 0x0000020ef7d88000

Marking Bits (Prev, Next): (CMBitMap*) 0x0000020ee3577730, (CMBitMap*) 0x0000020ee35776f8
 Prev Bits: [0x0000020e83fc0000, 0x0000020e87f80000)
 Next Bits: [0x0000020e80000000, 0x0000020e83fc0000)

Polling page: 0x0000020ee2cf0000

Metaspace:

Usage:
  Non-class:     69.20 MB capacity,    67.48 MB ( 98%) used,     1.41 MB (  2%) free+waste,   310.31 KB ( <1%) overhead. 
      Class:      9.66 MB capacity,     8.56 MB ( 89%) used,   984.74 KB ( 10%) free+waste,   147.88 KB (  1%) overhead. 
       Both:     78.86 MB capacity,    76.04 MB ( 96%) used,     2.37 MB (  3%) free+waste,   458.19 KB ( <1%) overhead. 

Virtual space:
  Non-class space:       70.00 MB reserved,      69.33 MB (>99%) committed 
      Class space:        1.00 GB reserved,       9.70 MB ( <1%) committed 
             Both:        1.07 GB reserved,      79.03 MB (  7%) committed 

Chunk freelists:
   Non-Class:  384 bytes
       Class:  3.38 KB
        Both:  3.75 KB

CodeHeap 'non-profiled nmethods': size=120000Kb used=5281Kb max_used=5281Kb free=114718Kb
 bounds [0x0000020ef3310000, 0x0000020ef3840000, 0x0000020efa840000]
CodeHeap 'profiled nmethods': size=120000Kb used=19084Kb max_used=19298Kb free=100915Kb
 bounds [0x0000020eebde0000, 0x0000020eed0d0000, 0x0000020ef3310000]
CodeHeap 'non-nmethods': size=5760Kb used=1496Kb max_used=1544Kb free=4263Kb
 bounds [0x0000020eeb840000, 0x0000020eebab0000, 0x0000020eebde0000]
 total_blobs=12227 nmethods=7875 adapters=900
 compilation: enabled
              stopped_count=0, restarted_count=0
 full_count=0

Compilation events (10 events):
Event: 8.950 Thread 0x0000020effc6f800 8770   !   3       com.sun.jna.Native::getNativeSize (139 bytes)
Event: 8.951 Thread 0x0000020effc6f800 nmethod 8770 0x0000020eec4d5410 code [0x0000020eec4d5840, 0x0000020eec4d71c0]
Event: 8.951 Thread 0x0000020effc6f800 8769       3       java.util.concurrent.ThreadPoolExecutor$Worker::tryRelease (12 bytes)
Event: 8.951 Thread 0x0000020effc6f800 nmethod 8769 0x0000020eec243290 code [0x0000020eec243440, 0x0000020eec243618]
Event: 8.952 Thread 0x0000020e895b3000 nmethod 8767 0x0000020ef3835010 code [0x0000020ef38351a0, 0x0000020ef3835318]
Event: 8.953 Thread 0x0000020eff34e800 8771   !   4       cl::j (1294 bytes)
Event: 8.954 Thread 0x0000020effc6f800 8772   !   3       lq::ak (577 bytes)
Event: 8.956 Thread 0x0000020effc6f800 nmethod 8772 0x0000020eec4d2310 code [0x0000020eec4d2760, 0x0000020eec4d45f0]
Event: 8.985 Thread 0x0000020effc6f800 8773       3       com.sun.jna.Memory::access$100 (4 bytes)
Event: 8.985 Thread 0x0000020effc6f800 nmethod 8773 0x0000020eec04a790 code [0x0000020eec04a940, 0x0000020eec04aa98]

GC Heap History (10 events):
Event: 3.228 GC heap before
{Heap before GC invocations=4 (full 0):
 garbage-first heap   total 262144K, used 55517K [0x0000000701000000, 0x0000000800000000)
  region size 1024K, 47 young (48128K), 5 survivors (5120K)
 Metaspace       used 35246K, capacity 35806K, committed 35888K, reserved 1081344K
  class space    used 3692K, capacity 3950K, committed 3968K, reserved 1048576K
}
Event: 3.237 GC heap after
{Heap after GC invocations=5 (full 0):
 garbage-first heap   total 262144K, used 15301K [0x0000000701000000, 0x0000000800000000)
  region size 1024K, 7 young (7168K), 7 survivors (7168K)
 Metaspace       used 35246K, capacity 35806K, committed 35888K, reserved 1081344K
  class space    used 3692K, capacity 3950K, committed 3968K, reserved 1048576K
}
Event: 4.184 GC heap before
{Heap before GC invocations=6 (full 0):
 garbage-first heap   total 262144K, used 113605K [0x0000000701000000, 0x0000000800000000)
  region size 1024K, 103 young (105472K), 7 survivors (7168K)
 Metaspace       used 50341K, capacity 51063K, committed 51376K, reserved 1095680K
  class space    used 5510K, capacity 5798K, committed 5888K, reserved 1048576K
}
Event: 4.192 GC heap after
{Heap after GC invocations=7 (full 0):
 garbage-first heap   total 315392K, used 20708K [0x0000000701000000, 0x0000000800000000)
  region size 1024K, 12 young (12288K), 12 survivors (12288K)
 Metaspace       used 50341K, capacity 51063K, committed 51376K, reserved 1095680K
  class space    used 5510K, capacity 5798K, committed 5888K, reserved 1048576K
}
Event: 5.525 GC heap before
{Heap before GC invocations=7 (full 0):
 garbage-first heap   total 315392K, used 85220K [0x0000000701000000, 0x0000000800000000)
  region size 1024K, 76 young (77824K), 12 survivors (12288K)
 Metaspace       used 58808K, capacity 60159K, committed 60240K, reserved 1103872K
  class space    used 6472K, capacity 6902K, committed 6912K, reserved 1048576K
}
Event: 5.536 GC heap after
{Heap after GC invocations=8 (full 0):
 garbage-first heap   total 315392K, used 28771K [0x0000000701000000, 0x0000000800000000)
  region size 1024K, 19 young (19456K), 19 survivors (19456K)
 Metaspace       used 58808K, capacity 60159K, committed 60240K, reserved 1103872K
  class space    used 6472K, capacity 6902K, committed 6912K, reserved 1048576K
}
Event: 6.644 GC heap before
{Heap before GC invocations=9 (full 0):
 garbage-first heap   total 315392K, used 180323K [0x0000000701000000, 0x0000000800000000)
  region size 1024K, 160 young (163840K), 19 survivors (19456K)
 Metaspace       used 67012K, capacity 69221K, committed 69532K, reserved 1110016K
  class space    used 7614K, capacity 8410K, committed 8524K, reserved 1048576K
}
Event: 6.665 GC heap after
{Heap after GC invocations=10 (full 0):
 garbage-first heap   total 315392K, used 56702K [0x0000000701000000, 0x0000000800000000)
  region size 1024K, 20 young (20480K), 20 survivors (20480K)
 Metaspace       used 67012K, capacity 69221K, committed 69532K, reserved 1110016K
  class space    used 7614K, capacity 8410K, committed 8524K, reserved 1048576K
}
Event: 7.853 GC heap before
{Heap before GC invocations=10 (full 0):
 garbage-first heap   total 315392K, used 210302K [0x0000000701000000, 0x0000000800000000)
  region size 1024K, 167 young (171008K), 20 survivors (20480K)
 Metaspace       used 75675K, capacity 78287K, committed 78492K, reserved 1118208K
  class space    used 8521K, capacity 9532K, committed 9548K, reserved 1048576K
}
Event: 7.869 GC heap after
{Heap after GC invocations=11 (full 0):
 garbage-first heap   total 315392K, used 73428K [0x0000000701000000, 0x0000000800000000)
  region size 1024K, 16 young (16384K), 16 survivors (16384K)
 Metaspace       used 75675K, capacity 78287K, committed 78492K, reserved 1118208K
  class space    used 8521K, capacity 9532K, committed 9548K, reserved 1048576K
}

Deoptimization events (10 events):
Event: 8.609 Thread 0x0000020e88aed800 Uncommon trap: reason=unstable_if action=reinterpret pc=0x0000020ef375ad54 method=java.awt.Container.checkAddToSelf(Ljava/awt/Component;)V @ 4 c2
Event: 8.610 Thread 0x0000020e88aed800 Uncommon trap: reason=unstable_if action=reinterpret pc=0x0000020ef3373878 method=java.awt.Container.increaseComponentCount(Ljava/awt/Component;)V @ 34 c2
Event: 8.764 Thread 0x0000020e88aed800 Uncommon trap: reason=profile_predicate action=maybe_recompile pc=0x0000020ef3812994 method=cl.j(II)V @ 882 c2
Event: 8.793 Thread 0x0000020e88aed800 Uncommon trap: reason=profile_predicate action=maybe_recompile pc=0x0000020ef3812994 method=cl.j(II)V @ 882 c2
Event: 8.793 Thread 0x0000020e88aed800 Uncommon trap: reason=profile_predicate action=maybe_recompile pc=0x0000020ef3817e80 method=cl.j(II)V @ 1120 c2
Event: 8.834 Thread 0x0000020e88aed800 Uncommon trap: reason=profile_predicate action=maybe_recompile pc=0x0000020ef3812994 method=cl.j(II)V @ 882 c2
Event: 8.835 Thread 0x0000020e88aed800 Uncommon trap: reason=profile_predicate action=maybe_recompile pc=0x0000020ef3817e80 method=cl.j(II)V @ 1120 c2
Event: 8.873 Thread 0x0000020e88aed800 Uncommon trap: reason=profile_predicate action=maybe_recompile pc=0x0000020ef38014cc method=cl.j(II)V @ 882 c2
Event: 8.914 Thread 0x0000020e88aed800 Uncommon trap: reason=profile_predicate action=maybe_recompile pc=0x0000020ef3832ca8 method=cl.j(II)V @ 931 c2
Event: 8.953 Thread 0x0000020e88aed800 Uncommon trap: reason=profile_predicate action=maybe_recompile pc=0x0000020ef3832ca8 method=cl.j(II)V @ 931 c2

Classes redefined (0 events):
No events

Internal exceptions (10 events):
Event: 8.496 Thread 0x0000020e88cee800 Exception <a 'java/lang/NoSuchMethodError'{0x0000000710fb8b70}: java.lang.invoke.Invokers$Holder.linkToTargetMethod(Ljava/lang/Object;IIIILjava/lang/Object;Ljava/lang/Object;Ljava/lang/Object;Ljava/lang/Object;)Ljava/lang/Object;> (0x0000000710fb8b70) thr
Event: 8.511 Thread 0x0000020e88cee800 Exception <a 'java/lang/NoSuchMethodError'{0x0000000710e40f90}: java.lang.invoke.DelegatingMethodHandle$Holder.reinvoke_L(Ljava/lang/Object;Ljava/lang/Object;IILjava/lang/Object;Ljava/lang/Object;Ljava/lang/Object;Ljava/lang/Object;ILjava/lang/Object;Ljav
Event: 8.515 Thread 0x0000020e88cee800 Exception <a 'java/lang/NoSuchMethodError'{0x0000000710eac848}: java.lang.invoke.DirectMethodHandle$Holder.invokeSpecial(Ljava/lang/Object;Ljava/lang/Object;IILjava/lang/Object;Ljava/lang/Object;Ljava/lang/Object;Ljava/lang/Object;ILjava/lang/Object;Ljava
Event: 8.515 Thread 0x0000020e88cee800 Exception <a 'java/lang/NoSuchMethodError'{0x0000000710eb0a10}: java.lang.invoke.DelegatingMethodHandle$Holder.reinvoke_L(Ljava/lang/Object;IILjava/lang/Object;Ljava/lang/Object;Ljava/lang/Object;Ljava/lang/Object;ILjava/lang/Object;Ljava/lang/Object;Ljav
Event: 8.517 Thread 0x0000020e88cee800 Exception <a 'java/lang/NoSuchMethodError'{0x0000000710d08f78}: java.lang.invoke.DelegatingMethodHandle$Holder.reinvoke_L(Ljava/lang/Object;Ljava/lang/Object;Ljava/lang/Object;Ljava/lang/Object;Ljava/lang/Object;ILjava/lang/Object;Ljava/lang/Object;Ljava/
Event: 8.520 Thread 0x0000020e88cee800 Exception <a 'java/lang/NoSuchMethodError'{0x0000000710d54508}: java.lang.invoke.DirectMethodHandle$Holder.invokeStatic(Ljava/lang/Object;Ljava/lang/Object;Ljava/lang/Object;Ljava/lang/Object;Ljava/lang/Object;Ljava/lang/Object;Ljava/lang/Object;Ljava/lan
Event: 8.521 Thread 0x0000020e88cee800 Exception <a 'java/lang/NoSuchMethodError'{0x0000000710d609a0}: java.lang.invoke.DirectMethodHandle$Holder.invokeStatic(Ljava/lang/Object;Ljava/lang/Object;Ljava/lang/Object;Ljava/lang/Object;Ljava/lang/Object;Ljava/lang/Object;Ljava/lang/Object;Ljava/lan
Event: 8.522 Thread 0x0000020e88cee800 Exception <a 'java/lang/NoSuchMethodError'{0x0000000710d6d220}: java.lang.invoke.DirectMethodHandle$Holder.invokeStatic(Ljava/lang/Object;Ljava/lang/Object;Ljava/lang/Object;Ljava/lang/Object;Ljava/lang/Object;Ljava/lang/Object;Ljava/lang/Object;Ljava/lan
Event: 8.587 Thread 0x0000020e88aed800 Exception <a 'java/lang/NullPointerException'{0x0000000711e8b980}> (0x0000000711e8b980) thrown at [t:/workspace/open/src/hotspot/share/interpreter/linkResolver.cpp, line 1354]
Event: 8.615 Thread 0x0000020e88aed800 Exception <a 'java/lang/NullPointerException'{0x0000000711e8f570}> (0x0000000711e8f570) thrown at [t:/workspace/open/src/hotspot/share/interpreter/linkResolver.cpp, line 1354]

Events (10 events):
Event: 8.873 Thread 0x0000020e88aed800 DEOPT PACKING pc=0x0000020ef38014cc sp=0x000000fd39bfe940
Event: 8.873 Thread 0x0000020e88aed800 DEOPT UNPACKING pc=0x0000020eeb8691af sp=0x000000fd39bfe8c0 mode 2
Event: 8.914 Thread 0x0000020e88aed800 Uncommon trap: trap_request=0xffffffbe fr.pc=0x0000020ef3832ca8 relative=0x0000000000001848
Event: 8.914 Thread 0x0000020e88aed800 DEOPT PACKING pc=0x0000020ef3832ca8 sp=0x000000fd39bfe930
Event: 8.914 Thread 0x0000020e88aed800 DEOPT UNPACKING pc=0x0000020eeb8691af sp=0x000000fd39bfe8b0 mode 2
Event: 8.949 Thread 0x0000020e88af7800 DEOPT PACKING pc=0x0000020eecdf8aed sp=0x000000fd3b3fe910
Event: 8.949 Thread 0x0000020e88af7800 DEOPT UNPACKING pc=0x0000020eeb868fce sp=0x000000fd3b3fdda0 mode 0
Event: 8.953 Thread 0x0000020e88aed800 Uncommon trap: trap_request=0xffffffbe fr.pc=0x0000020ef3832ca8 relative=0x0000000000001848
Event: 8.953 Thread 0x0000020e88aed800 DEOPT PACKING pc=0x0000020ef3832ca8 sp=0x000000fd39bfe930
Event: 8.953 Thread 0x0000020e88aed800 DEOPT UNPACKING pc=0x0000020eeb8691af sp=0x000000fd39bfe8b0 mode 2


Dynamic libraries:
0x00007ff769210000 - 0x00007ff769257000 	C:\Program Files\Java\jdk-11.0.2\bin\java.exe
0x00007ffd3e9d0000 - 0x00007ffd3ebc5000 	C:\WINDOWS\SYSTEM32\ntdll.dll
0x00007ffd3df20000 - 0x00007ffd3dfde000 	C:\WINDOWS\System32\KERNEL32.DLL
0x00007ffd3c120000 - 0x00007ffd3c3e9000 	C:\WINDOWS\System32\KERNELBASE.dll
0x00007ffd3d2b0000 - 0x00007ffd3d35c000 	C:\WINDOWS\System32\ADVAPI32.dll
0x00007ffd3ca40000 - 0x00007ffd3cade000 	C:\WINDOWS\System32\msvcrt.dll
0x00007ffd3cce0000 - 0x00007ffd3cd7b000 	C:\WINDOWS\System32\sechost.dll
0x00007ffd3e120000 - 0x00007ffd3e24a000 	C:\WINDOWS\System32\RPCRT4.dll
0x00007ffd3d100000 - 0x00007ffd3d2a1000 	C:\WINDOWS\System32\USER32.dll
0x00007ffd3c850000 - 0x00007ffd3c872000 	C:\WINDOWS\System32\win32u.dll
0x00007ffd3def0000 - 0x00007ffd3df1b000 	C:\WINDOWS\System32\GDI32.dll
0x00007ffd3c880000 - 0x00007ffd3c98b000 	C:\WINDOWS\System32\gdi32full.dll
0x00007ffd3c500000 - 0x00007ffd3c59d000 	C:\WINDOWS\System32\msvcp_win.dll
0x00007ffd3c700000 - 0x00007ffd3c800000 	C:\WINDOWS\System32\ucrtbase.dll
0x00007ffd2da30000 - 0x00007ffd2dcca000 	C:\WINDOWS\WinSxS\amd64_microsoft.windows.common-controls_6595b64144ccf1df_6.0.19041.1110_none_60b5254171f9507e\COMCTL32.dll
0x00007ffd353f0000 - 0x00007ffd353fa000 	C:\WINDOWS\SYSTEM32\VERSION.dll
0x00007ffd3dcc0000 - 0x00007ffd3dcf0000 	C:\WINDOWS\System32\IMM32.DLL
0x00007ffd37c10000 - 0x00007ffd37c26000 	C:\Program Files\Java\jdk-11.0.2\bin\vcruntime140.dll
0x00007ffd235f0000 - 0x00007ffd2369a000 	C:\Program Files\Java\jdk-11.0.2\bin\msvcp140.dll
0x00007ffcdd290000 - 0x00007ffcdddb7000 	C:\Program Files\Java\jdk-11.0.2\bin\server\jvm.dll
0x00007ffd3cd80000 - 0x00007ffd3cd88000 	C:\WINDOWS\System32\PSAPI.DLL
0x00007ffd39810000 - 0x00007ffd39819000 	C:\WINDOWS\SYSTEM32\WSOCK32.dll
0x00007ffd2e540000 - 0x00007ffd2e567000 	C:\WINDOWS\SYSTEM32\WINMM.dll
0x00007ffd3d030000 - 0x00007ffd3d09b000 	C:\WINDOWS\System32\WS2_32.dll
0x00007ffd3a010000 - 0x00007ffd3a022000 	C:\WINDOWS\SYSTEM32\kernel.appcore.dll
0x00007ffd37bf0000 - 0x00007ffd37c01000 	C:\Program Files\Java\jdk-11.0.2\bin\verify.dll
0x00007ffd34ca0000 - 0x00007ffd34e84000 	C:\WINDOWS\SYSTEM32\DBGHELP.DLL
0x00007ffd34940000 - 0x00007ffd3496c000 	C:\WINDOWS\SYSTEM32\dbgcore.DLL
0x00007ffd3c990000 - 0x00007ffd3ca13000 	C:\WINDOWS\System32\bcryptPrimitives.dll
0x00007ffd231f0000 - 0x00007ffd23219000 	C:\Program Files\Java\jdk-11.0.2\bin\java.dll
0x00007ffd23170000 - 0x00007ffd2319f000 	C:\Program Files\Java\jdk-11.0.2\bin\instrument.dll
0x00007ffd37bd0000 - 0x00007ffd37be6000 	C:\Program Files\Java\jdk-11.0.2\bin\zip.dll
0x00007ffd37c70000 - 0x00007ffd37c7a000 	C:\Program Files\Java\jdk-11.0.2\bin\jimage.dll
0x00007ffd3e250000 - 0x00007ffd3e98f000 	C:\WINDOWS\System32\SHELL32.dll
0x00007ffd3a210000 - 0x00007ffd3a9a0000 	C:\WINDOWS\SYSTEM32\windows.storage.dll
0x00007ffd3d3d0000 - 0x00007ffd3d725000 	C:\WINDOWS\System32\combase.dll
0x00007ffd3bb40000 - 0x00007ffd3bb6c000 	C:\WINDOWS\SYSTEM32\Wldp.dll
0x00007ffd3d790000 - 0x00007ffd3d83d000 	C:\WINDOWS\System32\SHCORE.dll
0x00007ffd3d730000 - 0x00007ffd3d785000 	C:\WINDOWS\System32\shlwapi.dll
0x00007ffd3c030000 - 0x00007ffd3c04f000 	C:\WINDOWS\SYSTEM32\profapi.dll
0x00007ffd32490000 - 0x00007ffd324a9000 	C:\Program Files\Java\jdk-11.0.2\bin\net.dll
0x00007ffd36670000 - 0x00007ffd36778000 	C:\WINDOWS\SYSTEM32\WINHTTP.dll
0x00007ffd2fa30000 - 0x00007ffd2fc1b000 	C:\WINDOWS\SYSTEM32\urlmon.dll
0x00007ffd2f690000 - 0x00007ffd2f940000 	C:\WINDOWS\SYSTEM32\iertutil.dll
0x00007ffd36130000 - 0x00007ffd36158000 	C:\WINDOWS\SYSTEM32\srvcli.dll
0x00007ffd3b580000 - 0x00007ffd3b58c000 	C:\WINDOWS\SYSTEM32\netutils.dll
0x00007ffd3b8a0000 - 0x00007ffd3b90a000 	C:\WINDOWS\system32\mswsock.dll
0x00007ffd31ec0000 - 0x00007ffd31ed3000 	C:\Program Files\Java\jdk-11.0.2\bin\nio.dll
0x00007ffd2f140000 - 0x00007ffd2f15a000 	C:\Program Files\JetBrains\IntelliJ IDEA Community Edition 2018.3.5\bin\breakgen64.dll
0x00007ffd230b0000 - 0x00007ffd230d7000 	C:\Program Files\Java\jdk-11.0.2\bin\sunec.dll
0x00007ffd248e0000 - 0x00007ffd248ed000 	C:\Program Files\Java\jdk-11.0.2\bin\sunmscapi.dll
0x00007ffd3c5a0000 - 0x00007ffd3c6f6000 	C:\WINDOWS\System32\CRYPT32.dll
0x00007ffd3bbb0000 - 0x00007ffd3bbd7000 	C:\WINDOWS\SYSTEM32\ncrypt.dll
0x00007ffd3bb70000 - 0x00007ffd3bbab000 	C:\WINDOWS\SYSTEM32\NTASN1.dll
0x00007ffd3baa0000 - 0x00007ffd3bab8000 	C:\WINDOWS\SYSTEM32\CRYPTSP.dll
0x00007ffd3b1b0000 - 0x00007ffd3b1e4000 	C:\WINDOWS\system32\rsaenh.dll
0x00007ffd3c0f0000 - 0x00007ffd3c117000 	C:\WINDOWS\System32\bcrypt.dll
0x00007ffd3bff0000 - 0x00007ffd3c01e000 	C:\WINDOWS\SYSTEM32\USERENV.dll
0x00007ffd3ba90000 - 0x00007ffd3ba9c000 	C:\WINDOWS\SYSTEM32\CRYPTBASE.dll
0x00007ffd3b540000 - 0x00007ffd3b57b000 	C:\WINDOWS\SYSTEM32\IPHLPAPI.DLL
0x00007ffd3e110000 - 0x00007ffd3e118000 	C:\WINDOWS\System32\NSI.dll
0x00007ffd37ae0000 - 0x00007ffd37af7000 	C:\WINDOWS\SYSTEM32\dhcpcsvc6.DLL
0x00007ffd37a30000 - 0x00007ffd37a4d000 	C:\WINDOWS\SYSTEM32\dhcpcsvc.DLL
0x00007ffd3b590000 - 0x00007ffd3b65c000 	C:\WINDOWS\SYSTEM32\DNSAPI.dll
0x00007ffd0a900000 - 0x00007ffd0aa9f000 	C:\Program Files\Java\jdk-11.0.2\bin\awt.dll
0x00007ffd3dcf0000 - 0x00007ffd3ddbd000 	C:\WINDOWS\System32\OLEAUT32.dll
0x00007ffd385d0000 - 0x00007ffd38b90000 	C:\WINDOWS\SYSTEM32\d2d1.dll
0x00007ffd37a50000 - 0x00007ffd37ae0000 	C:\WINDOWS\SYSTEM32\apphelp.dll
0x00007ffd39ab0000 - 0x00007ffd39b4e000 	C:\WINDOWS\system32\uxtheme.dll
0x00007ffd3cbc0000 - 0x00007ffd3ccd5000 	C:\WINDOWS\System32\MSCTF.dll
0x00007ffd3ddc0000 - 0x00007ffd3deea000 	C:\WINDOWS\System32\ole32.dll
0x00007ffd39e30000 - 0x00007ffd39e5f000 	C:\WINDOWS\system32\DWMAPI.DLL
0x00007ffceb800000 - 0x00007ffceb925000 	C:\WINDOWS\system32\opengl32.dll
0x00007ffceb7d0000 - 0x00007ffceb7fc000 	C:\WINDOWS\SYSTEM32\GLU32.dll
0x00007ffd222c0000 - 0x00007ffd2248e000 	C:\WINDOWS\system32\d3d9.dll
0x00007ffd28c50000 - 0x00007ffd28d52000 	C:\WINDOWS\System32\DriverStore\FileRepository\nv_dispi.inf_amd64_60daf66a00f2e0b6\nvldumdx.dll
0x00007ffd3bcd0000 - 0x00007ffd3bce2000 	C:\WINDOWS\SYSTEM32\msasn1.dll
0x00007ffd353b0000 - 0x00007ffd353e1000 	C:\WINDOWS\SYSTEM32\cryptnet.dll
0x00007ffd3c3f0000 - 0x00007ffd3c450000 	C:\WINDOWS\System32\WINTRUST.DLL
0x00007ffd3ca20000 - 0x00007ffd3ca3d000 	C:\WINDOWS\System32\imagehlp.dll
0x00007ffcce350000 - 0x00007ffccfd6b000 	C:\WINDOWS\System32\DriverStore\FileRepository\nv_dispi.inf_amd64_60daf66a00f2e0b6\nvd3dumx.dll
0x00007ffce8920000 - 0x00007ffce8be4000 	C:\WINDOWS\system32\nvspcap64.dll
0x00007ffd3ade0000 - 0x00007ffd3ae13000 	C:\WINDOWS\SYSTEM32\ntmarta.dll
0x00007ffd3a9b0000 - 0x00007ffd3a9d3000 	C:\WINDOWS\SYSTEM32\gpapi.dll
0x00007ffd377a0000 - 0x00007ffd377db000 	C:\WINDOWS\SYSTEM32\dxcore.dll
0x00007ffd3c800000 - 0x00007ffd3c84e000 	C:\WINDOWS\System32\cfgmgr32.dll
0x00007ffd22b40000 - 0x00007ffd22bc0000 	C:\Program Files\Java\jdk-11.0.2\bin\freetype.dll
0x00007ffd23040000 - 0x00007ffd230af000 	C:\Program Files\Java\jdk-11.0.2\bin\fontmanager.dll
0x00007ffd2b880000 - 0x00007ffd2b979000 	C:\WINDOWS\SYSTEM32\textinputframework.dll
0x00007ffd37440000 - 0x00007ffd3779e000 	C:\WINDOWS\System32\CoreUIComponents.dll
0x00007ffd38c00000 - 0x00007ffd38cf2000 	C:\WINDOWS\System32\CoreMessaging.dll
0x00007ffd37050000 - 0x00007ffd371a4000 	C:\WINDOWS\SYSTEM32\wintypes.dll
0x00007ffd35c70000 - 0x00007ffd35c7a000 	C:\Windows\System32\rasadhlp.dll
0x00007ffd36240000 - 0x00007ffd362bf000 	C:\WINDOWS\System32\fwpuclnt.dll
0x00007ffd21310000 - 0x00007ffd21354000 	C:\Users\Tom\AppData\Local\Temp\jna-84274\jna15640915359558714720.dll
0x00007ffd1efb0000 - 0x00007ffd1f04c000 	C:\Users\Tom\AppData\Local\Temp\jna-84274\jna5480882180657546182.dll
0x00007ffd21290000 - 0x00007ffd2130f000 	C:\Program Files\Java\jdk-11.0.2\bin\mlib_image.dll
0x00007ffd37b10000 - 0x00007ffd37b1b000 	C:\WINDOWS\SYSTEM32\WINNSI.DLL
0x00007ffd2f160000 - 0x00007ffd2f172000 	C:\Program Files\Java\jdk-11.0.2\bin\jsound.dll
0x00007ffd17a20000 - 0x00007ffd17abc000 	C:\WINDOWS\SYSTEM32\DSOUND.dll
0x00007ffd0ced0000 - 0x00007ffd0cef6000 	C:\WINDOWS\SYSTEM32\winmmbase.dll
0x00007ffd3b6b0000 - 0x00007ffd3b6fb000 	C:\WINDOWS\SYSTEM32\powrprof.dll
0x00007ffd3b520000 - 0x00007ffd3b532000 	C:\WINDOWS\SYSTEM32\UMPDC.dll
0x00007ffd3e060000 - 0x00007ffd3e109000 	C:\WINDOWS\System32\clbcatq.dll
0x00007ffd343d0000 - 0x00007ffd34455000 	C:\WINDOWS\System32\MMDevApi.dll
0x00007ffd3be90000 - 0x00007ffd3bec4000 	C:\WINDOWS\System32\DEVOBJ.dll
0x00007ffd22930000 - 0x00007ffd22976000 	C:\WINDOWS\SYSTEM32\wdmaud.drv
0x00007ffd1eee0000 - 0x00007ffd1eee9000 	C:\WINDOWS\SYSTEM32\ksuser.dll
0x00007ffd2b840000 - 0x00007ffd2b84a000 	C:\WINDOWS\SYSTEM32\AVRT.dll
0x00007ffd194f0000 - 0x00007ffd19671000 	C:\WINDOWS\SYSTEM32\AUDIOSES.DLL
0x00007ffd2b850000 - 0x00007ffd2b85d000 	C:\WINDOWS\SYSTEM32\msacm32.drv
0x00007ffd2f940000 - 0x00007ffd2f95e000 	C:\WINDOWS\SYSTEM32\MSACM32.dll
0x00007ffd2a650000 - 0x00007ffd2a65b000 	C:\WINDOWS\SYSTEM32\midimap.dll
0x00007ffd39c20000 - 0x00007ffd39c34000 	C:\WINDOWS\SYSTEM32\resourcepolicyclient.dll
0x00007ffd2afb0000 - 0x00007ffd2b0f1000 	C:\Windows\System32\Windows.UI.dll
0x00007ffd2ae90000 - 0x00007ffd2af31000 	C:\Windows\System32\WindowManagementAPI.dll
0x00007ffd2ab20000 - 0x00007ffd2ac72000 	C:\Windows\System32\InputHost.dll
0x00007ffd2ac80000 - 0x00007ffd2ae81000 	C:\WINDOWS\SYSTEM32\twinapi.appcore.dll
0x00007ffd363d0000 - 0x00007ffd364c6000 	C:\Windows\System32\PROPSYS.dll
0x00007ffd22b10000 - 0x00007ffd22b3d000 	C:\Program Files\Java\jdk-11.0.2\bin\javajpeg.dll
0x00007ffd214c0000 - 0x00007ffd214ff000 	C:\Program Files\Java\jdk-11.0.2\bin\lcms.dll
0x00007ffd37c40000 - 0x00007ffd37c49000 	C:\Program Files\Java\jdk-11.0.2\bin\management.dll
0x00007ffd2f180000 - 0x00007ffd2f18c000 	C:\Program Files\Java\jdk-11.0.2\bin\management_ext.dll
0x00007ffd39820000 - 0x00007ffd399d4000 	C:\WINDOWS\SYSTEM32\WindowsCodecs.dll
0x00007ffd14a10000 - 0x00007ffd14a4e000 	C:\WINDOWS\system32\dataexchange.dll
0x00007ffd38360000 - 0x00007ffd385c4000 	C:\WINDOWS\system32\d3d11.dll
0x00007ffd38d00000 - 0x00007ffd38ee5000 	C:\WINDOWS\system32\dcomp.dll
0x00007ffd3a9e0000 - 0x00007ffd3aad4000 	C:\WINDOWS\system32\dxgi.dll

dbghelp: loaded successfully - version: 4.0.5 - missing functions: none
symbol engine: initialized successfully - sym options: 0x614 - pdb path: .;C:\Program Files\Java\jdk-11.0.2\bin;C:\WINDOWS\SYSTEM32;C:\WINDOWS\WinSxS\amd64_microsoft.windows.common-controls_6595b64144ccf1df_6.0.19041.1110_none_60b5254171f9507e;C:\Program Files\Java\jdk-11.0.2\bin\server;C:\Program Files\JetBrains\IntelliJ IDEA Community Edition 2018.3.5\bin;C:\WINDOWS\System32\DriverStore\FileRepository\nv_dispi.inf_amd64_60daf66a00f2e0b6;C:\Users\Tom\AppData\Local\Temp\jna-84274

VM Arguments:
jvm_args: -ea -javaagent:C:\Program Files\JetBrains\IntelliJ IDEA Community Edition 2018.3.5\lib\idea_rt.jar=58355:C:\Program Files\JetBrains\IntelliJ IDEA Community Edition 2018.3.5\bin -Dfile.encoding=UTF-8 
java_command: com.example.ExamplePluginTest
java_class_path (initial): D:\rl\out\test\classes;D:\rl\out\production\classes;C:\Users\Tom\.m2\repository\junit\junit\4.12\junit-4.12.jar;C:\Users\Tom\.gradle\caches\modules-2\files-2.1\net.runelite\client\1.7.25\9d666ae8f684fb709a8a5b9de546dcb48073f82f\client-1.7.25.jar;C:\Users\Tom\.gradle\caches\modules-2\files-2.1\net.runelite\jshell\1.7.25\a60d1ff61bc5b4c27a996b356ad0de8682875d58\jshell-1.7.25.jar;C:\Users\Tom\.m2\repository\org\hamcrest\hamcrest-core\1.3\hamcrest-core-1.3.jar;C:\Users\Tom\.m2\repository\ch\qos\logback\logback-classic\1.2.3\logback-classic-1.2.3.jar;C:\Users\Tom\.gradle\caches\modules-2\files-2.1\net.runelite\runelite-api\1.7.25\4b2dda51ba94b9ef264dbebd93d3765769792ad1\runelite-api-1.7.25.jar;C:\Users\Tom\.gradle\caches\modules-2\files-2.1\net.runelite\http-api\1.7.25\af30cf8dac6570ae98c8b646c4173867d277e1fc\http-api-1.7.25.jar;C:\Users\Tom\.m2\repository\org\slf4j\slf4j-api\1.7.25\slf4j-api-1.7.25.jar;C:\Users\Tom\.m2\repository\net\sf\jopt-simple\jopt-simple\5.0.1\jopt-simple-5.0.1.jar;C:\Users\Tom\.m2\repository\com\google\inject\guice\4.1.0\guice-4.1.0-no_aop.jar;C:\Users\Tom\.m2\repository\com\google\guava\guava\23.2-jre\guava-23.2-jre.jar;C:\Users\Tom\.m2\repository\com\google\code\gson\gson\2.8.5\gson-2.8.5.jar;C:\Users\Tom\.m2\repository\net\runelite\pushingpixels\substance\8.0.02\substance-8.0.02.jar;C:\Users\Tom\.m2\repository\org\apache\commons\commons-text\1.2\commons-text-1.2.jar;C:\Users\Tom\.m2\repository\net\runelite\jogl\jogl-all\2.4.0-rc-20200429\jogl-all-2.4.0-rc-20200429.jar;C:\Users\Tom\.m2\repository\net\runelite\pushingpixels\trident\1.5.00\trident-1.5.00.jar;C:\Users\Tom\.m2\repository\net\runelite\gluegen\gluegen-rt\2.4.0-rc-20200429\gluegen-rt-2.4.0-rc-20200429.jar;C:\Users\Tom\.m2\repository\net\runelite\jocl\jocl\1.0\jocl-1.0.jar;C:\Users\Tom\.m2\repository\net\runelite\archive-patcher\1.0\archive-patcher-1.0.jar;C:\Users\Tom\.m2\repository\net\runelite\jogl\jogl-all\2.4.0-rc-20200429\jogl-all-2.4.0-rc-20200429-na
Launcher Type: SUN_STANDARD

[Global flags]
     intx CICompilerCount                          = 4                                         {product} {ergonomic}
     uint ConcGCThreads                            = 3                                         {product} {ergonomic}
     uint G1ConcRefinementThreads                  = 10                                        {product} {ergonomic}
   size_t G1HeapRegionSize                         = 1048576                                   {product} {ergonomic}
    uintx GCDrainStackTargetSize                   = 64                                        {product} {ergonomic}
   size_t InitialHeapSize                          = 268435456                                 {product} {ergonomic}
   size_t MarkStackSize                            = 4194304                                   {product} {ergonomic}
   size_t MaxHeapSize                              = 4278190080                                {product} {ergonomic}
   size_t MaxNewSize                               = 2566914048                                {product} {ergonomic}
   size_t MinHeapDeltaBytes                        = 1048576                                   {product} {ergonomic}
    uintx NonNMethodCodeHeapSize                   = 5835340                                {pd product} {ergonomic}
    uintx NonProfiledCodeHeapSize                  = 122911450                              {pd product} {ergonomic}
    uintx ProfiledCodeHeapSize                     = 122911450                              {pd product} {ergonomic}
    uintx ReservedCodeCacheSize                    = 251658240                              {pd product} {ergonomic}
     bool SegmentedCodeCache                       = true                                      {product} {ergonomic}
     bool UseCompressedClassPointers               = true                                 {lp64_product} {ergonomic}
     bool UseCompressedOops                        = true                                 {lp64_product} {ergonomic}
     bool UseG1GC                                  = true                                      {product} {ergonomic}
     bool UseLargePagesIndividualAllocation        = false                                  {pd product} {ergonomic}

Logging:
Log output configuration:
 #0: stdout all=warning uptime,level,tags
 #1: stderr all=off uptime,level,tags

Environment Variables:
PATH=C:\Program Files (x86)\Common Files\Oracle\Java\javapath;C:\Program Files\NVIDIA GPU Computing Toolkit\CUDA\v10.2\bin;C:\Program Files\NVIDIA GPU Computing Toolkit\CUDA\v10.2\libnvvp;C:\Program Files\ImageMagick-7.0.9-Q16;C:\Program Files (x86)\PC Connectivity Solution\;C:\Program Files\Haskell\bin;C:\Program Files\Haskell Platform\8.6.3\lib\extralibs\bin;C:\Program Files\Haskell Platform\8.6.3\bin;C:\Windows\system32;C:\Windows;C:\Windows\System32\Wbem;C:\Windows\System32\WindowsPowerShell\v1.0\;C:\Windows\System32\OpenSSH\;C:\Program Files (x86)\NVIDIA Corporation\PhysX\Common;C:\Program Files\dotnet\;C:\Program Files\Git\cmd;C:\Program Files\Haskell Platform\8.6.3\mingw\bin;C:\Program Files\TortoiseGit\bin;D:\Matlab\bin;D:\opencv\build\x64\vc15\bin;C:\Program Files\NVIDIA Corporation\Nsight Compute 2019.5.0\;C:\Program Files\NVIDIA Corporation\NVIDIA NvDLISR;C:\WINDOWS\system32;C:\WINDOWS;C:\WINDOWS\System32\Wbem;C:\WINDOWS\System32\WindowsPowerShell\v1.0\;C:\WINDOWS\System32\OpenSSH\;C:\ProgramData\chocolatey\bin;C:\Program Files\nodejs\;C:\Program Files\CMake\bin;C:\Program Files (x86)\PC Connectivity Solution\;C:\Program Files\Haskell\bin;C:\Program Files\Haskell Platform\8.6.3\lib\extralibs\bin;C:\Program Files\Haskell Platform\8.6.3\bin;C:\Windows\system32;C:\Windows;C:\Windows\System32\Wbem;C:\Windows\System32\WindowsPowerShell\v1.0\;C:\Windows\System32\OpenSSH\;C:\Program Files (x86)\NVIDIA Corporation\PhysX\Common;C:\Program Files\dotnet\;C:\Program Files\Git\cmd;C:\Program Files\Haskell Platform\8.6.3\mingw\bin;C:\Program Files\TortoiseGit\bin;C:\Users\Tom\AppData\Roaming\cabal\bin;C:\Users\Tom\AppData\Roaming\local\bin;C:\Users\Tom\AppData\Local\Microsoft\WindowsApps;C:\Users\Tom\AppData\Local\GitHubDesktop\bin;C:\Users\Tom\AppData\Local\Programs\Python\Python37-32\Scripts;C:\Users\Tom\AppData\Local\Programs\Python\Python37-32;;C:\Users\Tom\AppData\Local\Programs\Microsoft VS Code\bin;C:\Users\Tom\AppData\Local\Microsoft\WindowsApps;C:\Users\Tom\.dotn
USERNAME=Tom
OS=Windows_NT
PROCESSOR_IDENTIFIER=AMD64 Family 23 Model 1 Stepping 1, AuthenticAMD



---------------  S Y S T E M  ---------------

OS: Windows 10 , 64 bit Build 19041 (10.0.19041.1202)

CPU:total 12 (initial active 12) (12 cores per cpu, 2 threads per core) family 23 model 1 stepping 1, cmov, cx8, fxsr, mmx, sse, sse2, sse3, ssse3, sse4.1, sse4.2, popcnt, avx, avx2, aes, clmul, mmxext, 3dnowpref, lzcnt, sse4a, ht, tsc, tscinvbit, tscinv, bmi1, bmi2, adx, sha, fma

Memory: 4k page, system-wide physical 16316M (8705M free)
TotalPageFile size 18748M (AvailPageFile size 7746M)
current process WorkingSet (physical memory assigned to process): 518M, peak: 534M
current process commit charge ("private bytes"): 636M, peak: 652M

vm_info: Java HotSpot(TM) 64-Bit Server VM (11.0.2+9-LTS) for windows-amd64 JRE (11.0.2+9-LTS), built on Jan 18 2019 05:24:10 by "mach5one" with MS VC++ 15.5 (VS2017)

END.
